<?xml version="1.0" encoding="UTF-8"?>
<coverage generated="1655294834749" clover="3.2.0">
  <project timestamp="1655294834749" name="All files">
    <metrics statements="63" coveredstatements="61" conditionals="18" coveredconditionals="17" methods="20" coveredmethods="19" elements="101" coveredelements="97" complexity="0" loc="63" ncloc="63" packages="13" files="13" classes="13"/>
    <package name="Components.atoms.Avatar">
      <metrics statements="3" coveredstatements="3" conditionals="0" coveredconditionals="0" methods="1" coveredmethods="1"/>
      <file name="index.tsx" path="/home/saisrm/zemoso/React/blinklist-app/src/Components/atoms/Avatar/index.tsx">
        <metrics statements="3" coveredstatements="3" conditionals="0" coveredconditionals="0" methods="1" coveredmethods="1"/>
        <line num="5" count="2" type="stmt"/>
        <line num="22" count="2" type="stmt"/>
        <line num="24" count="2" type="stmt"/>
      </file>
    </package>
    <package name="Components.atoms.Button">
      <metrics statements="12" coveredstatements="12" conditionals="8" coveredconditionals="8" methods="1" coveredmethods="1"/>
      <file name="index.tsx" path="/home/saisrm/zemoso/React/blinklist-app/src/Components/atoms/Button/index.tsx">
        <metrics statements="12" coveredstatements="12" conditionals="8" coveredconditionals="8" methods="1" coveredmethods="1"/>
        <line num="5" count="5" type="stmt"/>
        <line num="127" count="36" type="stmt"/>
        <line num="129" count="36" type="cond" truecount="2" falsecount="0"/>
        <line num="131" count="1" type="stmt"/>
        <line num="133" count="35" type="cond" truecount="2" falsecount="0"/>
        <line num="135" count="17" type="stmt"/>
        <line num="137" count="18" type="cond" truecount="2" falsecount="0"/>
        <line num="139" count="8" type="stmt"/>
        <line num="141" count="10" type="cond" truecount="2" falsecount="0"/>
        <line num="143" count="1" type="stmt"/>
        <line num="146" count="9" type="stmt"/>
        <line num="148" count="36" type="stmt"/>
      </file>
    </package>
    <package name="Components.atoms.IconButton">
      <metrics statements="1" coveredstatements="1" conditionals="0" coveredconditionals="0" methods="1" coveredmethods="1"/>
      <file name="index.tsx" path="/home/saisrm/zemoso/React/blinklist-app/src/Components/atoms/IconButton/index.tsx">
        <metrics statements="1" coveredstatements="1" conditionals="0" coveredconditionals="0" methods="1" coveredmethods="1"/>
        <line num="12" count="1" type="stmt"/>
      </file>
    </package>
    <package name="Components.atoms.IconText">
      <metrics statements="4" coveredstatements="4" conditionals="2" coveredconditionals="2" methods="1" coveredmethods="1"/>
      <file name="index.tsx" path="/home/saisrm/zemoso/React/blinklist-app/src/Components/atoms/IconText/index.tsx">
        <metrics statements="4" coveredstatements="4" conditionals="2" coveredconditionals="2" methods="1" coveredmethods="1"/>
        <line num="7" count="6" type="stmt"/>
        <line num="41" count="94" type="stmt"/>
        <line num="42" count="94" type="cond" truecount="2" falsecount="0"/>
        <line num="43" count="94" type="stmt"/>
      </file>
    </package>
    <package name="Components.atoms.Icons">
      <metrics statements="1" coveredstatements="1" conditionals="0" coveredconditionals="0" methods="1" coveredmethods="1"/>
      <file name="Icons.tsx" path="/home/saisrm/zemoso/React/blinklist-app/src/Components/atoms/Icons/Icons.tsx">
        <metrics statements="1" coveredstatements="1" conditionals="0" coveredconditionals="0" methods="1" coveredmethods="1"/>
        <line num="8" count="18" type="stmt"/>
      </file>
    </package>
    <package name="Components.molecules.Editorial">
      <metrics statements="6" coveredstatements="6" conditionals="0" coveredconditionals="0" methods="2" coveredmethods="2"/>
      <file name="index.tsx" path="/home/saisrm/zemoso/React/blinklist-app/src/Components/molecules/Editorial/index.tsx">
        <metrics statements="6" coveredstatements="6" conditionals="0" coveredconditionals="0" methods="2" coveredmethods="2"/>
        <line num="5" count="2" type="stmt"/>
        <line num="27" count="4" type="stmt"/>
        <line num="29" count="4" type="stmt"/>
        <line num="30" count="4" type="stmt"/>
        <line num="31" count="16" type="stmt"/>
        <line num="38" count="4" type="stmt"/>
      </file>
    </package>
    <package name="Components.molecules.SearchBar">
      <metrics statements="1" coveredstatements="1" conditionals="0" coveredconditionals="0" methods="1" coveredmethods="1"/>
      <file name="SearchBar.tsx" path="/home/saisrm/zemoso/React/blinklist-app/src/Components/molecules/SearchBar/SearchBar.tsx">
        <metrics statements="1" coveredstatements="1" conditionals="0" coveredconditionals="0" methods="1" coveredmethods="1"/>
        <line num="12" count="1" type="stmt"/>
      </file>
    </package>
    <package name="Components.molecules.Tabs">
      <metrics statements="6" coveredstatements="6" conditionals="0" coveredconditionals="0" methods="2" coveredmethods="2"/>
      <file name="index.tsx" path="/home/saisrm/zemoso/React/blinklist-app/src/Components/molecules/Tabs/index.tsx">
        <metrics statements="6" coveredstatements="6" conditionals="0" coveredconditionals="0" methods="2" coveredmethods="2"/>
        <line num="7" count="1" type="stmt"/>
        <line num="27" count="3" type="stmt"/>
        <line num="28" count="3" type="stmt"/>
        <line num="29" count="3" type="stmt"/>
        <line num="30" count="1" type="stmt"/>
        <line num="32" count="3" type="stmt"/>
      </file>
    </package>
    <package name="Components.organisms.Banner">
      <metrics statements="1" coveredstatements="1" conditionals="0" coveredconditionals="0" methods="1" coveredmethods="1"/>
      <file name="index.tsx" path="/home/saisrm/zemoso/React/blinklist-app/src/Components/organisms/Banner/index.tsx">
        <metrics statements="1" coveredstatements="1" conditionals="0" coveredconditionals="0" methods="1" coveredmethods="1"/>
        <line num="7" count="1" type="stmt"/>
      </file>
    </package>
    <package name="Components.organisms.ExtendedNav">
      <metrics statements="7" coveredstatements="7" conditionals="0" coveredconditionals="0" methods="3" coveredmethods="3"/>
      <file name="index.tsx" path="/home/saisrm/zemoso/React/blinklist-app/src/Components/organisms/ExtendedNav/index.tsx">
        <metrics statements="7" coveredstatements="7" conditionals="0" coveredconditionals="0" methods="3" coveredmethods="3"/>
        <line num="9" count="2" type="stmt"/>
        <line num="33" count="4" type="stmt"/>
        <line num="35" count="4" type="stmt"/>
        <line num="37" count="4" type="stmt"/>
        <line num="38" count="1" type="stmt"/>
        <line num="41" count="4" type="stmt"/>
        <line num="63" count="72" type="stmt"/>
      </file>
    </package>
    <package name="Components.organisms.Footer">
      <metrics statements="1" coveredstatements="1" conditionals="0" coveredconditionals="0" methods="1" coveredmethods="1"/>
      <file name="index.tsx" path="/home/saisrm/zemoso/React/blinklist-app/src/Components/organisms/Footer/index.tsx">
        <metrics statements="1" coveredstatements="1" conditionals="0" coveredconditionals="0" methods="1" coveredmethods="1"/>
        <line num="8" count="1" type="stmt"/>
      </file>
    </package>
    <package name="Components.organisms.Header">
      <metrics statements="19" coveredstatements="17" conditionals="8" coveredconditionals="7" methods="5" coveredmethods="4"/>
      <file name="index.tsx" path="/home/saisrm/zemoso/React/blinklist-app/src/Components/organisms/Header/index.tsx">
        <metrics statements="19" coveredstatements="17" conditionals="8" coveredconditionals="7" methods="5" coveredmethods="4"/>
        <line num="20" count="8" type="stmt"/>
        <line num="22" count="8" type="stmt"/>
        <line num="23" count="1" type="stmt"/>
        <line num="26" count="8" type="stmt"/>
        <line num="27" count="8" type="stmt"/>
        <line num="29" count="8" type="stmt"/>
        <line num="31" count="8" type="stmt"/>
        <line num="32" count="1" type="stmt"/>
        <line num="33" count="1" type="stmt"/>
        <line num="35" count="8" type="stmt"/>
        <line num="37" count="8" type="stmt"/>
        <line num="38" count="1" type="stmt"/>
        <line num="42" count="8" type="cond" truecount="2" falsecount="0"/>
        <line num="43" count="1" type="stmt"/>
        <line num="57" count="7" type="stmt"/>
        <line num="72" count="8" type="cond" truecount="1" falsecount="1"/>
        <line num="73" count="0" type="stmt"/>
        <line num="76" count="0" type="stmt"/>
        <line num="84" count="8" type="stmt"/>
      </file>
    </package>
    <package name="Data">
      <metrics statements="1" coveredstatements="1" conditionals="0" coveredconditionals="0" methods="0" coveredmethods="0"/>
      <file name="Navigation.tsx" path="/home/saisrm/zemoso/React/blinklist-app/src/Data/Navigation.tsx">
        <metrics statements="1" coveredstatements="1" conditionals="0" coveredconditionals="0" methods="0" coveredmethods="0"/>
        <line num="23" count="2" type="stmt"/>
      </file>
    </package>
  </project>
</coverage>
