<?xml version="1.0" encoding="UTF-8"?>
<coverage generated="1655293264404" clover="3.2.0">
  <project timestamp="1655293264405" name="All files">
    <metrics statements="124" coveredstatements="101" conditionals="62" coveredconditionals="41" methods="33" coveredmethods="28" elements="219" coveredelements="170" complexity="0" loc="124" ncloc="124" packages="15" files="15" classes="15"/>
    <package name="Components.atoms.Avatar">
      <metrics statements="3" coveredstatements="3" conditionals="0" coveredconditionals="0" methods="1" coveredmethods="1"/>
      <file name="index.tsx" path="/home/saisrm/zemoso/React/blinklist-app/src/Components/atoms/Avatar/index.tsx">
        <metrics statements="3" coveredstatements="3" conditionals="0" coveredconditionals="0" methods="1" coveredmethods="1"/>
        <line num="5" count="2" type="stmt"/>
        <line num="22" count="2" type="stmt"/>
        <line num="24" count="2" type="stmt"/>
      </file>
    </package>
    <package name="Components.atoms.Button">
      <metrics statements="12" coveredstatements="12" conditionals="8" coveredconditionals="8" methods="1" coveredmethods="1"/>
      <file name="index.tsx" path="/home/saisrm/zemoso/React/blinklist-app/src/Components/atoms/Button/index.tsx">
        <metrics statements="12" coveredstatements="12" conditionals="8" coveredconditionals="8" methods="1" coveredmethods="1"/>
        <line num="5" count="5" type="stmt"/>
        <line num="127" count="34" type="stmt"/>
        <line num="129" count="34" type="cond" truecount="2" falsecount="0"/>
        <line num="131" count="1" type="stmt"/>
        <line num="133" count="33" type="cond" truecount="2" falsecount="0"/>
        <line num="135" count="17" type="stmt"/>
        <line num="137" count="16" type="cond" truecount="2" falsecount="0"/>
        <line num="139" count="6" type="stmt"/>
        <line num="141" count="10" type="cond" truecount="2" falsecount="0"/>
        <line num="143" count="1" type="stmt"/>
        <line num="146" count="9" type="stmt"/>
        <line num="148" count="34" type="stmt"/>
      </file>
    </package>
    <package name="Components.atoms.IconButton">
      <metrics statements="1" coveredstatements="1" conditionals="0" coveredconditionals="0" methods="1" coveredmethods="1"/>
      <file name="index.tsx" path="/home/saisrm/zemoso/React/blinklist-app/src/Components/atoms/IconButton/index.tsx">
        <metrics statements="1" coveredstatements="1" conditionals="0" coveredconditionals="0" methods="1" coveredmethods="1"/>
        <line num="12" count="1" type="stmt"/>
      </file>
    </package>
    <package name="Components.atoms.IconText">
      <metrics statements="4" coveredstatements="4" conditionals="2" coveredconditionals="2" methods="1" coveredmethods="1"/>
      <file name="index.tsx" path="/home/saisrm/zemoso/React/blinklist-app/src/Components/atoms/IconText/index.tsx">
        <metrics statements="4" coveredstatements="4" conditionals="2" coveredconditionals="2" methods="1" coveredmethods="1"/>
        <line num="7" count="6" type="stmt"/>
        <line num="41" count="90" type="stmt"/>
        <line num="42" count="90" type="cond" truecount="2" falsecount="0"/>
        <line num="43" count="90" type="stmt"/>
      </file>
    </package>
    <package name="Components.atoms.Icons">
      <metrics statements="1" coveredstatements="1" conditionals="0" coveredconditionals="0" methods="1" coveredmethods="1"/>
      <file name="Icons.tsx" path="/home/saisrm/zemoso/React/blinklist-app/src/Components/atoms/Icons/Icons.tsx">
        <metrics statements="1" coveredstatements="1" conditionals="0" coveredconditionals="0" methods="1" coveredmethods="1"/>
        <line num="8" count="18" type="stmt"/>
      </file>
    </package>
    <package name="Components.molecules.Cards">
      <metrics statements="45" coveredstatements="28" conditionals="38" coveredconditionals="19" methods="7" coveredmethods="6"/>
      <file name="index.tsx" path="/home/saisrm/zemoso/React/blinklist-app/src/Components/molecules/Cards/index.tsx">
        <metrics statements="45" coveredstatements="28" conditionals="38" coveredconditionals="19" methods="7" coveredmethods="6"/>
        <line num="21" count="3" type="stmt"/>
        <line num="66" count="9" type="stmt"/>
        <line num="68" count="9" type="stmt"/>
        <line num="69" count="1" type="stmt"/>
        <line num="71" count="9" type="stmt"/>
        <line num="73" count="9" type="stmt"/>
        <line num="75" count="9" type="stmt"/>
        <line num="77" count="9" type="stmt"/>
        <line num="78" count="0" type="cond" truecount="0" falsecount="2"/>
        <line num="79" count="0" type="cond" truecount="0" falsecount="2"/>
        <line num="80" count="0" type="stmt"/>
        <line num="82" count="0" type="cond" truecount="0" falsecount="2"/>
        <line num="83" count="0" type="cond" truecount="0" falsecount="2"/>
        <line num="84" count="0" type="stmt"/>
        <line num="87" count="0" type="cond" truecount="0" falsecount="2"/>
        <line num="88" count="0" type="cond" truecount="0" falsecount="2"/>
        <line num="89" count="0" type="cond" truecount="0" falsecount="4"/>
        <line num="91" count="0" type="stmt"/>
        <line num="94" count="0" type="stmt"/>
        <line num="98" count="0" type="stmt"/>
        <line num="101" count="9" type="stmt"/>
        <line num="102" count="1" type="stmt"/>
        <line num="105" count="0" type="stmt"/>
        <line num="106" count="0" type="stmt"/>
        <line num="107" count="0" type="stmt"/>
        <line num="110" count="9" type="stmt"/>
        <line num="111" count="1" type="stmt"/>
        <line num="114" count="9" type="stmt"/>
        <line num="115" count="7" type="cond" truecount="1" falsecount="1"/>
        <line num="116" count="0" type="stmt"/>
        <line num="118" count="7" type="stmt"/>
        <line num="122" count="9" type="cond" truecount="2" falsecount="0"/>
        <line num="123" count="2" type="stmt"/>
        <line num="133" count="9" type="cond" truecount="2" falsecount="0"/>
        <line num="134" count="4" type="cond" truecount="2" falsecount="0"/>
        <line num="136" count="1" type="stmt"/>
        <line num="146" count="3" type="cond" truecount="2" falsecount="0"/>
        <line num="148" count="1" type="stmt"/>
        <line num="159" count="2" type="stmt"/>
        <line num="173" count="9" type="cond" truecount="2" falsecount="0"/>
        <line num="174" count="1" type="stmt"/>
        <line num="186" count="9" type="cond" truecount="1" falsecount="1"/>
        <line num="187" count="0" type="stmt"/>
        <line num="198" count="9" type="stmt"/>
        <line num="218" count="1" type="stmt"/>
      </file>
    </package>
    <package name="Components.molecules.CardsList">
      <metrics statements="16" coveredstatements="12" conditionals="6" coveredconditionals="5" methods="6" coveredmethods="3"/>
      <file name="index.tsx" path="/home/saisrm/zemoso/React/blinklist-app/src/Components/molecules/CardsList/index.tsx">
        <metrics statements="16" coveredstatements="12" conditionals="6" coveredconditionals="5" methods="6" coveredmethods="3"/>
        <line num="29" count="4" type="stmt"/>
        <line num="31" count="4" type="stmt"/>
        <line num="32" count="4" type="stmt"/>
        <line num="33" count="0" type="stmt"/>
        <line num="34" count="0" type="stmt"/>
        <line num="37" count="4" type="stmt"/>
        <line num="38" count="4" type="stmt"/>
        <line num="53" count="4" type="cond" truecount="2" falsecount="0"/>
        <line num="54" count="1" type="stmt"/>
        <line num="55" count="3" type="cond" truecount="2" falsecount="0"/>
        <line num="56" count="2" type="stmt"/>
        <line num="58" count="1" type="stmt"/>
        <line num="62" count="4" type="cond" truecount="1" falsecount="1"/>
        <line num="69" count="4" type="stmt"/>
        <line num="79" count="0" type="stmt"/>
        <line num="81" count="0" type="stmt"/>
      </file>
    </package>
    <package name="Components.molecules.Editorial">
      <metrics statements="6" coveredstatements="6" conditionals="0" coveredconditionals="0" methods="2" coveredmethods="2"/>
      <file name="index.tsx" path="/home/saisrm/zemoso/React/blinklist-app/src/Components/molecules/Editorial/index.tsx">
        <metrics statements="6" coveredstatements="6" conditionals="0" coveredconditionals="0" methods="2" coveredmethods="2"/>
        <line num="5" count="2" type="stmt"/>
        <line num="27" count="4" type="stmt"/>
        <line num="29" count="4" type="stmt"/>
        <line num="30" count="4" type="stmt"/>
        <line num="31" count="16" type="stmt"/>
        <line num="38" count="4" type="stmt"/>
      </file>
    </package>
    <package name="Components.molecules.SearchBar">
      <metrics statements="1" coveredstatements="1" conditionals="0" coveredconditionals="0" methods="1" coveredmethods="1"/>
      <file name="SearchBar.tsx" path="/home/saisrm/zemoso/React/blinklist-app/src/Components/molecules/SearchBar/SearchBar.tsx">
        <metrics statements="1" coveredstatements="1" conditionals="0" coveredconditionals="0" methods="1" coveredmethods="1"/>
        <line num="12" count="1" type="stmt"/>
      </file>
    </package>
    <package name="Components.molecules.Tabs">
      <metrics statements="6" coveredstatements="6" conditionals="0" coveredconditionals="0" methods="2" coveredmethods="2"/>
      <file name="index.tsx" path="/home/saisrm/zemoso/React/blinklist-app/src/Components/molecules/Tabs/index.tsx">
        <metrics statements="6" coveredstatements="6" conditionals="0" coveredconditionals="0" methods="2" coveredmethods="2"/>
        <line num="7" count="1" type="stmt"/>
        <line num="27" count="3" type="stmt"/>
        <line num="28" count="3" type="stmt"/>
        <line num="29" count="3" type="stmt"/>
        <line num="30" count="1" type="stmt"/>
        <line num="32" count="3" type="stmt"/>
      </file>
    </package>
    <package name="Components.organisms.Banner">
      <metrics statements="1" coveredstatements="1" conditionals="0" coveredconditionals="0" methods="1" coveredmethods="1"/>
      <file name="index.tsx" path="/home/saisrm/zemoso/React/blinklist-app/src/Components/organisms/Banner/index.tsx">
        <metrics statements="1" coveredstatements="1" conditionals="0" coveredconditionals="0" methods="1" coveredmethods="1"/>
        <line num="7" count="1" type="stmt"/>
      </file>
    </package>
    <package name="Components.organisms.ExtendedNav">
      <metrics statements="7" coveredstatements="7" conditionals="0" coveredconditionals="0" methods="3" coveredmethods="3"/>
      <file name="index.tsx" path="/home/saisrm/zemoso/React/blinklist-app/src/Components/organisms/ExtendedNav/index.tsx">
        <metrics statements="7" coveredstatements="7" conditionals="0" coveredconditionals="0" methods="3" coveredmethods="3"/>
        <line num="9" count="2" type="stmt"/>
        <line num="33" count="4" type="stmt"/>
        <line num="35" count="4" type="stmt"/>
        <line num="37" count="4" type="stmt"/>
        <line num="38" count="1" type="stmt"/>
        <line num="41" count="4" type="stmt"/>
        <line num="63" count="72" type="stmt"/>
      </file>
    </package>
    <package name="Components.organisms.Footer">
      <metrics statements="1" coveredstatements="1" conditionals="0" coveredconditionals="0" methods="1" coveredmethods="1"/>
      <file name="index.tsx" path="/home/saisrm/zemoso/React/blinklist-app/src/Components/organisms/Footer/index.tsx">
        <metrics statements="1" coveredstatements="1" conditionals="0" coveredconditionals="0" methods="1" coveredmethods="1"/>
        <line num="8" count="1" type="stmt"/>
      </file>
    </package>
    <package name="Components.organisms.Header">
      <metrics statements="19" coveredstatements="17" conditionals="8" coveredconditionals="7" methods="5" coveredmethods="4"/>
      <file name="index.tsx" path="/home/saisrm/zemoso/React/blinklist-app/src/Components/organisms/Header/index.tsx">
        <metrics statements="19" coveredstatements="17" conditionals="8" coveredconditionals="7" methods="5" coveredmethods="4"/>
        <line num="20" count="8" type="stmt"/>
        <line num="22" count="8" type="stmt"/>
        <line num="23" count="1" type="stmt"/>
        <line num="26" count="8" type="stmt"/>
        <line num="27" count="8" type="stmt"/>
        <line num="29" count="8" type="stmt"/>
        <line num="31" count="8" type="stmt"/>
        <line num="32" count="1" type="stmt"/>
        <line num="33" count="1" type="stmt"/>
        <line num="35" count="8" type="stmt"/>
        <line num="37" count="8" type="stmt"/>
        <line num="38" count="1" type="stmt"/>
        <line num="42" count="8" type="cond" truecount="2" falsecount="0"/>
        <line num="43" count="1" type="stmt"/>
        <line num="57" count="7" type="stmt"/>
        <line num="72" count="8" type="cond" truecount="1" falsecount="1"/>
        <line num="73" count="0" type="stmt"/>
        <line num="76" count="0" type="stmt"/>
        <line num="84" count="8" type="stmt"/>
      </file>
    </package>
    <package name="Data">
      <metrics statements="1" coveredstatements="1" conditionals="0" coveredconditionals="0" methods="0" coveredmethods="0"/>
      <file name="Navigation.tsx" path="/home/saisrm/zemoso/React/blinklist-app/src/Data/Navigation.tsx">
        <metrics statements="1" coveredstatements="1" conditionals="0" coveredconditionals="0" methods="0" coveredmethods="0"/>
        <line num="23" count="2" type="stmt"/>
      </file>
    </package>
  </project>
</coverage>
