{"/home/saisrm/zemoso/React/blinklist-app/src/Components/atoms/Avatar/index.tsx": {"path":"/home/saisrm/zemoso/React/blinklist-app/src/Components/atoms/Avatar/index.tsx","statementMap":{"0":{"start":{"line":5,"column":16},"end":{"line":10,"column":2}},"1":{"start":{"line":22,"column":18},"end":{"line":22,"column":29}},"2":{"start":{"line":24,"column":2},"end":{"line":28,"column":3}}},"fnMap":{"0":{"name":"Avatars","decl":{"start":{"line":20,"column":9},"end":{"line":20,"column":16}},"loc":{"start":{"line":20,"column":30},"end":{"line":29,"column":1}},"line":20}},"branchMap":{},"s":{"0":2,"1":2,"2":2},"f":{"0":2},"b":{},"_coverageSchema":"1a1c01bbd47fc00a2c39e90264f33305004495a9","hash":"4c0e5388b9cdd0b47f9b6942e4df196d88368f34"}
,"/home/saisrm/zemoso/React/blinklist-app/src/Components/atoms/Button/index.tsx": {"path":"/home/saisrm/zemoso/React/blinklist-app/src/Components/atoms/Button/index.tsx","statementMap":{"0":{"start":{"line":5,"column":18},"end":{"line":115,"column":2}},"1":{"start":{"line":127,"column":18},"end":{"line":127,"column":29}},"2":{"start":{"line":129,"column":2},"end":{"line":147,"column":3}},"3":{"start":{"line":131,"column":4},"end":{"line":131,"column":32}},"4":{"start":{"line":133,"column":7},"end":{"line":147,"column":3}},"5":{"start":{"line":135,"column":4},"end":{"line":135,"column":32}},"6":{"start":{"line":137,"column":7},"end":{"line":147,"column":3}},"7":{"start":{"line":139,"column":4},"end":{"line":139,"column":32}},"8":{"start":{"line":141,"column":7},"end":{"line":147,"column":3}},"9":{"start":{"line":143,"column":4},"end":{"line":143,"column":32}},"10":{"start":{"line":146,"column":4},"end":{"line":146,"column":35}},"11":{"start":{"line":148,"column":2},"end":{"line":161,"column":4}}},"fnMap":{"0":{"name":"Buttons","decl":{"start":{"line":126,"column":9},"end":{"line":126,"column":16}},"loc":{"start":{"line":126,"column":31},"end":{"line":162,"column":1}},"line":126}},"branchMap":{"0":{"loc":{"start":{"line":129,"column":2},"end":{"line":147,"column":3}},"type":"if","locations":[{"start":{"line":129,"column":2},"end":{"line":147,"column":3}},{"start":{"line":133,"column":7},"end":{"line":147,"column":3}}],"line":129},"1":{"loc":{"start":{"line":133,"column":7},"end":{"line":147,"column":3}},"type":"if","locations":[{"start":{"line":133,"column":7},"end":{"line":147,"column":3}},{"start":{"line":137,"column":7},"end":{"line":147,"column":3}}],"line":133},"2":{"loc":{"start":{"line":137,"column":7},"end":{"line":147,"column":3}},"type":"if","locations":[{"start":{"line":137,"column":7},"end":{"line":147,"column":3}},{"start":{"line":141,"column":7},"end":{"line":147,"column":3}}],"line":137},"3":{"loc":{"start":{"line":141,"column":7},"end":{"line":147,"column":3}},"type":"if","locations":[{"start":{"line":141,"column":7},"end":{"line":147,"column":3}},{"start":{"line":145,"column":6},"end":{"line":147,"column":3}}],"line":141}},"s":{"0":5,"1":34,"2":34,"3":1,"4":33,"5":17,"6":16,"7":6,"8":10,"9":1,"10":9,"11":34},"f":{"0":34},"b":{"0":[1,33],"1":[17,16],"2":[6,10],"3":[1,9]},"_coverageSchema":"1a1c01bbd47fc00a2c39e90264f33305004495a9","hash":"f7381b5031fbf15c9f938513c6c50b4b39cf4f42"}
,"/home/saisrm/zemoso/React/blinklist-app/src/Components/atoms/IconButton/index.tsx": {"path":"/home/saisrm/zemoso/React/blinklist-app/src/Components/atoms/IconButton/index.tsx","statementMap":{"0":{"start":{"line":12,"column":2},"end":{"line":15,"column":17}}},"fnMap":{"0":{"name":"IconButtons","decl":{"start":{"line":11,"column":9},"end":{"line":11,"column":20}},"loc":{"start":{"line":11,"column":34},"end":{"line":16,"column":1}},"line":11}},"branchMap":{},"s":{"0":1},"f":{"0":1},"b":{},"_coverageSchema":"1a1c01bbd47fc00a2c39e90264f33305004495a9","hash":"d0a8617ae4dd64d102e7d518f22351c01575769d"}
,"/home/saisrm/zemoso/React/blinklist-app/src/Components/atoms/IconText/index.tsx": {"path":"/home/saisrm/zemoso/React/blinklist-app/src/Components/atoms/IconText/index.tsx","statementMap":{"0":{"start":{"line":7,"column":18},"end":{"line":32,"column":2}},"1":{"start":{"line":41,"column":18},"end":{"line":41,"column":29}},"2":{"start":{"line":42,"column":15},"end":{"line":42,"column":80}},"3":{"start":{"line":43,"column":2},"end":{"line":48,"column":4}}},"fnMap":{"0":{"name":"IconText","decl":{"start":{"line":40,"column":9},"end":{"line":40,"column":17}},"loc":{"start":{"line":40,"column":32},"end":{"line":49,"column":1}},"line":40}},"branchMap":{"0":{"loc":{"start":{"line":42,"column":15},"end":{"line":42,"column":80}},"type":"cond-expr","locations":[{"start":{"line":42,"column":45},"end":{"line":42,"column":61}},{"start":{"line":42,"column":64},"end":{"line":42,"column":80}}],"line":42}},"s":{"0":6,"1":90,"2":90,"3":90},"f":{"0":90},"b":{"0":[73,17]},"_coverageSchema":"1a1c01bbd47fc00a2c39e90264f33305004495a9","hash":"e4577cd9b1f367ab98626eeb337539dbf22b2e59"}
,"/home/saisrm/zemoso/React/blinklist-app/src/Components/atoms/Icons/Icons.tsx": {"path":"/home/saisrm/zemoso/React/blinklist-app/src/Components/atoms/Icons/Icons.tsx","statementMap":{"0":{"start":{"line":8,"column":2},"end":{"line":10,"column":3}}},"fnMap":{"0":{"name":"Icons","decl":{"start":{"line":7,"column":9},"end":{"line":7,"column":14}},"loc":{"start":{"line":7,"column":28},"end":{"line":11,"column":1}},"line":7}},"branchMap":{},"s":{"0":18},"f":{"0":18},"b":{},"_coverageSchema":"1a1c01bbd47fc00a2c39e90264f33305004495a9","hash":"dfd6e890f6c9b7c3cb89bb4054f1a3fdb6a3444c"}
,"/home/saisrm/zemoso/React/blinklist-app/src/Components/molecules/Cards/index.tsx": {"path":"/home/saisrm/zemoso/React/blinklist-app/src/Components/molecules/Cards/index.tsx","statementMap":{"0":{"start":{"line":21,"column":18},"end":{"line":32,"column":2}},"1":{"start":{"line":66,"column":17},"end":{"line":66,"column":30}},"2":{"start":{"line":68,"column":20},"end":{"line":70,"column":3}},"3":{"start":{"line":69,"column":4},"end":{"line":69,"column":33}},"4":{"start":{"line":71,"column":18},"end":{"line":71,"column":29}},"5":{"start":{"line":73,"column":28},"end":{"line":73,"column":49}},"6":{"start":{"line":75,"column":26},"end":{"line":75,"column":41}},"7":{"start":{"line":77,"column":25},"end":{"line":99,"column":3}},"8":{"start":{"line":78,"column":4},"end":{"line":97,"column":5}},"9":{"start":{"line":79,"column":6},"end":{"line":81,"column":7}},"10":{"start":{"line":80,"column":8},"end":{"line":80,"column":29}},"11":{"start":{"line":82,"column":11},"end":{"line":97,"column":5}},"12":{"start":{"line":83,"column":6},"end":{"line":85,"column":7}},"13":{"start":{"line":84,"column":8},"end":{"line":84,"column":28}},"14":{"start":{"line":87,"column":9},"end":{"line":97,"column":5}},"15":{"start":{"line":88,"column":6},"end":{"line":96,"column":7}},"16":{"start":{"line":89,"column":8},"end":{"line":95,"column":9}},"17":{"start":{"line":91,"column":10},"end":{"line":91,"column":30}},"18":{"start":{"line":94,"column":10},"end":{"line":94,"column":31}},"19":{"start":{"line":98,"column":4},"end":{"line":98,"column":74}},"20":{"start":{"line":101,"column":25},"end":{"line":108,"column":3}},"21":{"start":{"line":102,"column":21},"end":{"line":104,"column":5}},"22":{"start":{"line":105,"column":17},"end":{"line":105,"column":30}},"23":{"start":{"line":106,"column":4},"end":{"line":106,"column":19}},"24":{"start":{"line":107,"column":4},"end":{"line":107,"column":18}},"25":{"start":{"line":110,"column":25},"end":{"line":112,"column":3}},"26":{"start":{"line":111,"column":4},"end":{"line":111,"column":21}},"27":{"start":{"line":114,"column":2},"end":{"line":119,"column":13}},"28":{"start":{"line":115,"column":4},"end":{"line":117,"column":5}},"29":{"start":{"line":116,"column":6},"end":{"line":116,"column":23}},"30":{"start":{"line":118,"column":4},"end":{"line":118,"column":19}},"31":{"start":{"line":122,"column":2},"end":{"line":130,"column":3}},"32":{"start":{"line":123,"column":4},"end":{"line":129,"column":6}},"33":{"start":{"line":133,"column":2},"end":{"line":170,"column":3}},"34":{"start":{"line":134,"column":4},"end":{"line":168,"column":5}},"35":{"start":{"line":136,"column":6},"end":{"line":144,"column":10}},"36":{"start":{"line":146,"column":9},"end":{"line":168,"column":5}},"37":{"start":{"line":148,"column":6},"end":{"line":156,"column":8}},"38":{"start":{"line":159,"column":6},"end":{"line":167,"column":10}},"39":{"start":{"line":173,"column":2},"end":{"line":183,"column":3}},"40":{"start":{"line":174,"column":4},"end":{"line":182,"column":6}},"41":{"start":{"line":186,"column":2},"end":{"line":196,"column":3}},"42":{"start":{"line":187,"column":4},"end":{"line":195,"column":6}},"43":{"start":{"line":198,"column":2},"end":{"line":269,"column":4}},"44":{"start":{"line":218,"column":79},"end":{"line":218,"column":100}}},"fnMap":{"0":{"name":"MediaCards","decl":{"start":{"line":64,"column":9},"end":{"line":64,"column":19}},"loc":{"start":{"line":64,"column":34},"end":{"line":270,"column":1}},"line":64},"1":{"name":"(anonymous_1)","decl":{"start":{"line":68,"column":20},"end":{"line":68,"column":21}},"loc":{"start":{"line":68,"column":38},"end":{"line":70,"column":3}},"line":68},"2":{"name":"(anonymous_2)","decl":{"start":{"line":77,"column":25},"end":{"line":77,"column":26}},"loc":{"start":{"line":77,"column":37},"end":{"line":99,"column":3}},"line":77},"3":{"name":"(anonymous_3)","decl":{"start":{"line":101,"column":25},"end":{"line":101,"column":26}},"loc":{"start":{"line":101,"column":37},"end":{"line":108,"column":3}},"line":101},"4":{"name":"(anonymous_4)","decl":{"start":{"line":110,"column":25},"end":{"line":110,"column":26}},"loc":{"start":{"line":110,"column":37},"end":{"line":112,"column":3}},"line":110},"5":{"name":"(anonymous_5)","decl":{"start":{"line":114,"column":12},"end":{"line":114,"column":13}},"loc":{"start":{"line":114,"column":18},"end":{"line":119,"column":3}},"line":114},"6":{"name":"(anonymous_6)","decl":{"start":{"line":218,"column":73},"end":{"line":218,"column":74}},"loc":{"start":{"line":218,"column":79},"end":{"line":218,"column":100}},"line":218}},"branchMap":{"0":{"loc":{"start":{"line":78,"column":4},"end":{"line":97,"column":5}},"type":"if","locations":[{"start":{"line":78,"column":4},"end":{"line":97,"column":5}},{"start":{"line":82,"column":11},"end":{"line":97,"column":5}}],"line":78},"1":{"loc":{"start":{"line":79,"column":6},"end":{"line":81,"column":7}},"type":"if","locations":[{"start":{"line":79,"column":6},"end":{"line":81,"column":7}},{"start":{},"end":{}}],"line":79},"2":{"loc":{"start":{"line":82,"column":11},"end":{"line":97,"column":5}},"type":"if","locations":[{"start":{"line":82,"column":11},"end":{"line":97,"column":5}},{"start":{"line":87,"column":9},"end":{"line":97,"column":5}}],"line":82},"3":{"loc":{"start":{"line":83,"column":6},"end":{"line":85,"column":7}},"type":"if","locations":[{"start":{"line":83,"column":6},"end":{"line":85,"column":7}},{"start":{},"end":{}}],"line":83},"4":{"loc":{"start":{"line":87,"column":9},"end":{"line":97,"column":5}},"type":"if","locations":[{"start":{"line":87,"column":9},"end":{"line":97,"column":5}},{"start":{},"end":{}}],"line":87},"5":{"loc":{"start":{"line":88,"column":6},"end":{"line":96,"column":7}},"type":"if","locations":[{"start":{"line":88,"column":6},"end":{"line":96,"column":7}},{"start":{},"end":{}}],"line":88},"6":{"loc":{"start":{"line":89,"column":8},"end":{"line":95,"column":9}},"type":"if","locations":[{"start":{"line":89,"column":8},"end":{"line":95,"column":9}},{"start":{"line":93,"column":12},"end":{"line":95,"column":9}}],"line":89},"7":{"loc":{"start":{"line":89,"column":11},"end":{"line":89,"column":57}},"type":"binary-expr","locations":[{"start":{"line":89,"column":11},"end":{"line":89,"column":31}},{"start":{"line":89,"column":35},"end":{"line":89,"column":57}}],"line":89},"8":{"loc":{"start":{"line":115,"column":4},"end":{"line":117,"column":5}},"type":"if","locations":[{"start":{"line":115,"column":4},"end":{"line":117,"column":5}},{"start":{},"end":{}}],"line":115},"9":{"loc":{"start":{"line":122,"column":2},"end":{"line":130,"column":3}},"type":"if","locations":[{"start":{"line":122,"column":2},"end":{"line":130,"column":3}},{"start":{},"end":{}}],"line":122},"10":{"loc":{"start":{"line":133,"column":2},"end":{"line":170,"column":3}},"type":"if","locations":[{"start":{"line":133,"column":2},"end":{"line":170,"column":3}},{"start":{},"end":{}}],"line":133},"11":{"loc":{"start":{"line":134,"column":4},"end":{"line":168,"column":5}},"type":"if","locations":[{"start":{"line":134,"column":4},"end":{"line":168,"column":5}},{"start":{"line":146,"column":9},"end":{"line":168,"column":5}}],"line":134},"12":{"loc":{"start":{"line":146,"column":9},"end":{"line":168,"column":5}},"type":"if","locations":[{"start":{"line":146,"column":9},"end":{"line":168,"column":5}},{"start":{"line":158,"column":8},"end":{"line":168,"column":5}}],"line":146},"13":{"loc":{"start":{"line":173,"column":2},"end":{"line":183,"column":3}},"type":"if","locations":[{"start":{"line":173,"column":2},"end":{"line":183,"column":3}},{"start":{},"end":{}}],"line":173},"14":{"loc":{"start":{"line":186,"column":2},"end":{"line":196,"column":3}},"type":"if","locations":[{"start":{"line":186,"column":2},"end":{"line":196,"column":3}},{"start":{},"end":{}}],"line":186},"15":{"loc":{"start":{"line":255,"column":13},"end":{"line":255,"column":64}},"type":"cond-expr","locations":[{"start":{"line":255,"column":31},"end":{"line":255,"column":57}},{"start":{"line":255,"column":60},"end":{"line":255,"column":64}}],"line":255},"16":{"loc":{"start":{"line":256,"column":13},"end":{"line":258,"column":20}},"type":"cond-expr","locations":[{"start":{"line":257,"column":14},"end":{"line":257,"column":59}},{"start":{"line":258,"column":16},"end":{"line":258,"column":20}}],"line":256},"17":{"loc":{"start":{"line":259,"column":13},"end":{"line":259,"column":79}},"type":"cond-expr","locations":[{"start":{"line":259,"column":31},"end":{"line":259,"column":72}},{"start":{"line":259,"column":75},"end":{"line":259,"column":79}}],"line":259},"18":{"loc":{"start":{"line":260,"column":13},"end":{"line":264,"column":20}},"type":"cond-expr","locations":[{"start":{"line":261,"column":14},"end":{"line":263,"column":20}},{"start":{"line":264,"column":16},"end":{"line":264,"column":20}}],"line":260}},"s":{"0":3,"1":9,"2":9,"3":1,"4":9,"5":9,"6":9,"7":9,"8":0,"9":0,"10":0,"11":0,"12":0,"13":0,"14":0,"15":0,"16":0,"17":0,"18":0,"19":0,"20":9,"21":1,"22":0,"23":0,"24":0,"25":9,"26":1,"27":9,"28":7,"29":0,"30":7,"31":9,"32":2,"33":9,"34":4,"35":1,"36":3,"37":1,"38":2,"39":9,"40":1,"41":9,"42":0,"43":9,"44":1},"f":{"0":9,"1":1,"2":0,"3":1,"4":1,"5":7,"6":1},"b":{"0":[0,0],"1":[0,0],"2":[0,0],"3":[0,0],"4":[0,0],"5":[0,0],"6":[0,0],"7":[0,0],"8":[0,7],"9":[2,7],"10":[4,5],"11":[1,3],"12":[1,2],"13":[1,8],"14":[0,9],"15":[4,5],"16":[1,8],"17":[0,9],"18":[2,7]},"_coverageSchema":"1a1c01bbd47fc00a2c39e90264f33305004495a9","hash":"a0287b5c6501826caabd0066dee5f3f7871aad24"}
,"/home/saisrm/zemoso/React/blinklist-app/src/Components/molecules/CardsList/index.tsx": {"path":"/home/saisrm/zemoso/React/blinklist-app/src/Components/molecules/CardsList/index.tsx","statementMap":{"0":{"start":{"line":29,"column":28},"end":{"line":29,"column":53}},"1":{"start":{"line":31,"column":19},"end":{"line":35,"column":3}},"2":{"start":{"line":32,"column":21},"end":{"line":32,"column":65}},"3":{"start":{"line":33,"column":17},"end":{"line":33,"column":30}},"4":{"start":{"line":34,"column":4},"end":{"line":34,"column":19}},"5":{"start":{"line":37,"column":2},"end":{"line":39,"column":5}},"6":{"start":{"line":38,"column":4},"end":{"line":38,"column":15}},"7":{"start":{"line":53,"column":2},"end":{"line":59,"column":3}},"8":{"start":{"line":54,"column":4},"end":{"line":54,"column":43}},"9":{"start":{"line":55,"column":9},"end":{"line":59,"column":3}},"10":{"start":{"line":56,"column":4},"end":{"line":56,"column":27}},"11":{"start":{"line":58,"column":4},"end":{"line":58,"column":29}},"12":{"start":{"line":62,"column":4},"end":{"line":67,"column":12}},"13":{"start":{"line":62,"column":27},"end":{"line":62,"column":64}},"14":{"start":{"line":69,"column":2},"end":{"line":101,"column":4}},"15":{"start":{"line":79,"column":26},"end":{"line":79,"column":52}},"16":{"start":{"line":81,"column":10},"end":{"line":98,"column":12}}},"fnMap":{"0":{"name":"CardsList","decl":{"start":{"line":28,"column":9},"end":{"line":28,"column":18}},"loc":{"start":{"line":28,"column":33},"end":{"line":102,"column":1}},"line":28},"1":{"name":"(anonymous_1)","decl":{"start":{"line":31,"column":19},"end":{"line":31,"column":20}},"loc":{"start":{"line":31,"column":31},"end":{"line":35,"column":3}},"line":31},"2":{"name":"(anonymous_2)","decl":{"start":{"line":37,"column":12},"end":{"line":37,"column":13}},"loc":{"start":{"line":37,"column":18},"end":{"line":39,"column":3}},"line":37},"3":{"name":"(anonymous_3)","decl":{"start":{"line":62,"column":17},"end":{"line":62,"column":18}},"loc":{"start":{"line":62,"column":27},"end":{"line":62,"column":64}},"line":62},"4":{"name":"(anonymous_4)","decl":{"start":{"line":79,"column":16},"end":{"line":79,"column":17}},"loc":{"start":{"line":79,"column":26},"end":{"line":79,"column":52}},"line":79},"5":{"name":"(anonymous_5)","decl":{"start":{"line":80,"column":13},"end":{"line":80,"column":14}},"loc":{"start":{"line":80,"column":28},"end":{"line":99,"column":9}},"line":80}},"branchMap":{"0":{"loc":{"start":{"line":53,"column":2},"end":{"line":59,"column":3}},"type":"if","locations":[{"start":{"line":53,"column":2},"end":{"line":59,"column":3}},{"start":{"line":55,"column":9},"end":{"line":59,"column":3}}],"line":53},"1":{"loc":{"start":{"line":55,"column":9},"end":{"line":59,"column":3}},"type":"if","locations":[{"start":{"line":55,"column":9},"end":{"line":59,"column":3}},{"start":{"line":57,"column":9},"end":{"line":59,"column":3}}],"line":55},"2":{"loc":{"start":{"line":62,"column":4},"end":{"line":67,"column":12}},"type":"cond-expr","locations":[{"start":{"line":64,"column":6},"end":{"line":66,"column":19}},{"start":{"line":67,"column":8},"end":{"line":67,"column":12}}],"line":62}},"s":{"0":4,"1":4,"2":4,"3":0,"4":0,"5":4,"6":4,"7":4,"8":1,"9":3,"10":2,"11":1,"12":4,"13":0,"14":4,"15":0,"16":0},"f":{"0":4,"1":4,"2":4,"3":0,"4":0,"5":0},"b":{"0":[1,3],"1":[2,1],"2":[4,0]},"_coverageSchema":"1a1c01bbd47fc00a2c39e90264f33305004495a9","hash":"bf51c2b3d472402c4473551b6684e1ff3644dc04"}
,"/home/saisrm/zemoso/React/blinklist-app/src/Components/molecules/Editorial/index.tsx": {"path":"/home/saisrm/zemoso/React/blinklist-app/src/Components/molecules/Editorial/index.tsx","statementMap":{"0":{"start":{"line":5,"column":15},"end":{"line":18,"column":2}},"1":{"start":{"line":27,"column":18},"end":{"line":27,"column":28}},"2":{"start":{"line":29,"column":17},"end":{"line":29,"column":35}},"3":{"start":{"line":30,"column":18},"end":{"line":34,"column":3}},"4":{"start":{"line":31,"column":2},"end":{"line":33,"column":11}},"5":{"start":{"line":38,"column":2},"end":{"line":56,"column":4}}},"fnMap":{"0":{"name":"Editorial","decl":{"start":{"line":25,"column":9},"end":{"line":25,"column":18}},"loc":{"start":{"line":25,"column":32},"end":{"line":57,"column":1}},"line":25},"1":{"name":"(anonymous_1)","decl":{"start":{"line":30,"column":29},"end":{"line":30,"column":30}},"loc":{"start":{"line":31,"column":2},"end":{"line":33,"column":11}},"line":31}},"branchMap":{},"s":{"0":2,"1":4,"2":4,"3":4,"4":16,"5":4},"f":{"0":4,"1":16},"b":{},"_coverageSchema":"1a1c01bbd47fc00a2c39e90264f33305004495a9","hash":"b03942c4a46a75be7a1e07fb96c7d4c5a9153728"}
,"/home/saisrm/zemoso/React/blinklist-app/src/Components/molecules/SearchBar/SearchBar.tsx": {"path":"/home/saisrm/zemoso/React/blinklist-app/src/Components/molecules/SearchBar/SearchBar.tsx","statementMap":{"0":{"start":{"line":12,"column":2},"end":{"line":21,"column":3}}},"fnMap":{"0":{"name":"SearchBar","decl":{"start":{"line":11,"column":9},"end":{"line":11,"column":18}},"loc":{"start":{"line":11,"column":32},"end":{"line":22,"column":1}},"line":11}},"branchMap":{},"s":{"0":1},"f":{"0":1},"b":{},"_coverageSchema":"1a1c01bbd47fc00a2c39e90264f33305004495a9","hash":"2a2420862a446fe80636897bd818e9a5adc3a509"}
,"/home/saisrm/zemoso/React/blinklist-app/src/Components/molecules/Tabs/index.tsx": {"path":"/home/saisrm/zemoso/React/blinklist-app/src/Components/molecules/Tabs/index.tsx","statementMap":{"0":{"start":{"line":7,"column":18},"end":{"line":24,"column":2}},"1":{"start":{"line":27,"column":18},"end":{"line":27,"column":29}},"2":{"start":{"line":28,"column":28},"end":{"line":28,"column":41}},"3":{"start":{"line":29,"column":23},"end":{"line":31,"column":3}},"4":{"start":{"line":30,"column":4},"end":{"line":30,"column":23}},"5":{"start":{"line":32,"column":2},"end":{"line":62,"column":4}}},"fnMap":{"0":{"name":"TabsComponent","decl":{"start":{"line":26,"column":9},"end":{"line":26,"column":22}},"loc":{"start":{"line":26,"column":25},"end":{"line":63,"column":1}},"line":26},"1":{"name":"(anonymous_1)","decl":{"start":{"line":29,"column":23},"end":{"line":29,"column":24}},"loc":{"start":{"line":29,"column":75},"end":{"line":31,"column":3}},"line":29}},"branchMap":{},"s":{"0":1,"1":3,"2":3,"3":3,"4":1,"5":3},"f":{"0":3,"1":1},"b":{},"_coverageSchema":"1a1c01bbd47fc00a2c39e90264f33305004495a9","hash":"9d2c403a824aa2ffed8f6e92c1c67938d1d119aa"}
,"/home/saisrm/zemoso/React/blinklist-app/src/Components/organisms/Banner/index.tsx": {"path":"/home/saisrm/zemoso/React/blinklist-app/src/Components/organisms/Banner/index.tsx","statementMap":{"0":{"start":{"line":7,"column":2},"end":{"line":54,"column":4}}},"fnMap":{"0":{"name":"Banner","decl":{"start":{"line":6,"column":9},"end":{"line":6,"column":15}},"loc":{"start":{"line":6,"column":18},"end":{"line":55,"column":1}},"line":6}},"branchMap":{},"s":{"0":1},"f":{"0":1},"b":{},"_coverageSchema":"1a1c01bbd47fc00a2c39e90264f33305004495a9","hash":"de08aba5e1476878962cd427ba9771abf28c7c21"}
,"/home/saisrm/zemoso/React/blinklist-app/src/Components/organisms/ExtendedNav/index.tsx": {"path":"/home/saisrm/zemoso/React/blinklist-app/src/Components/organisms/ExtendedNav/index.tsx","statementMap":{"0":{"start":{"line":9,"column":18},"end":{"line":30,"column":2}},"1":{"start":{"line":33,"column":18},"end":{"line":33,"column":29}},"2":{"start":{"line":35,"column":17},"end":{"line":35,"column":30}},"3":{"start":{"line":37,"column":21},"end":{"line":39,"column":3}},"4":{"start":{"line":38,"column":4},"end":{"line":38,"column":26}},"5":{"start":{"line":41,"column":2},"end":{"line":87,"column":4}},"6":{"start":{"line":63,"column":12},"end":{"line":82,"column":14}}},"fnMap":{"0":{"name":"ExtendedNav","decl":{"start":{"line":32,"column":9},"end":{"line":32,"column":20}},"loc":{"start":{"line":32,"column":23},"end":{"line":88,"column":1}},"line":32},"1":{"name":"(anonymous_1)","decl":{"start":{"line":37,"column":21},"end":{"line":37,"column":22}},"loc":{"start":{"line":37,"column":27},"end":{"line":39,"column":3}},"line":37},"2":{"name":"(anonymous_2)","decl":{"start":{"line":62,"column":26},"end":{"line":62,"column":27}},"loc":{"start":{"line":62,"column":41},"end":{"line":83,"column":11}},"line":62}},"branchMap":{},"s":{"0":2,"1":4,"2":4,"3":4,"4":1,"5":4,"6":72},"f":{"0":4,"1":1,"2":72},"b":{},"_coverageSchema":"1a1c01bbd47fc00a2c39e90264f33305004495a9","hash":"3293efa0f1bb2957527a5aecc2b6819dbfa205d8"}
,"/home/saisrm/zemoso/React/blinklist-app/src/Components/organisms/Footer/index.tsx": {"path":"/home/saisrm/zemoso/React/blinklist-app/src/Components/organisms/Footer/index.tsx","statementMap":{"0":{"start":{"line":8,"column":2},"end":{"line":114,"column":4}}},"fnMap":{"0":{"name":"Footer","decl":{"start":{"line":7,"column":9},"end":{"line":7,"column":15}},"loc":{"start":{"line":7,"column":18},"end":{"line":115,"column":1}},"line":7}},"branchMap":{},"s":{"0":1},"f":{"0":1},"b":{},"_coverageSchema":"1a1c01bbd47fc00a2c39e90264f33305004495a9","hash":"c4f31b9dc9b3c0d6a96168f59126a4a3280d12ab"}
,"/home/saisrm/zemoso/React/blinklist-app/src/Components/organisms/Header/index.tsx": {"path":"/home/saisrm/zemoso/React/blinklist-app/src/Components/organisms/Header/index.tsx","statementMap":{"0":{"start":{"line":20,"column":17},"end":{"line":20,"column":30}},"1":{"start":{"line":22,"column":20},"end":{"line":24,"column":3}},"2":{"start":{"line":23,"column":4},"end":{"line":23,"column":18}},"3":{"start":{"line":26,"column":38},"end":{"line":26,"column":48}},"4":{"start":{"line":27,"column":38},"end":{"line":27,"column":53}},"5":{"start":{"line":29,"column":26},"end":{"line":29,"column":41}},"6":{"start":{"line":31,"column":22},"end":{"line":34,"column":3}},"7":{"start":{"line":32,"column":4},"end":{"line":32,"column":31}},"8":{"start":{"line":33,"column":4},"end":{"line":33,"column":19}},"9":{"start":{"line":35,"column":38},"end":{"line":35,"column":53}},"10":{"start":{"line":37,"column":25},"end":{"line":39,"column":3}},"11":{"start":{"line":38,"column":4},"end":{"line":38,"column":29}},"12":{"start":{"line":42,"column":2},"end":{"line":68,"column":3}},"13":{"start":{"line":43,"column":4},"end":{"line":55,"column":6}},"14":{"start":{"line":57,"column":4},"end":{"line":67,"column":6}},"15":{"start":{"line":72,"column":2},"end":{"line":82,"column":3}},"16":{"start":{"line":73,"column":4},"end":{"line":81,"column":6}},"17":{"start":{"line":76,"column":23},"end":{"line":76,"column":31}},"18":{"start":{"line":84,"column":2},"end":{"line":145,"column":4}}},"fnMap":{"0":{"name":"Header","decl":{"start":{"line":19,"column":9},"end":{"line":19,"column":15}},"loc":{"start":{"line":19,"column":30},"end":{"line":146,"column":1}},"line":19},"1":{"name":"(anonymous_1)","decl":{"start":{"line":22,"column":20},"end":{"line":22,"column":21}},"loc":{"start":{"line":22,"column":26},"end":{"line":24,"column":3}},"line":22},"2":{"name":"(anonymous_2)","decl":{"start":{"line":31,"column":22},"end":{"line":31,"column":23}},"loc":{"start":{"line":31,"column":28},"end":{"line":34,"column":3}},"line":31},"3":{"name":"(anonymous_3)","decl":{"start":{"line":37,"column":25},"end":{"line":37,"column":26}},"loc":{"start":{"line":37,"column":31},"end":{"line":39,"column":3}},"line":37},"4":{"name":"(anonymous_4)","decl":{"start":{"line":76,"column":17},"end":{"line":76,"column":18}},"loc":{"start":{"line":76,"column":23},"end":{"line":76,"column":31}},"line":76}},"branchMap":{"0":{"loc":{"start":{"line":42,"column":2},"end":{"line":68,"column":3}},"type":"if","locations":[{"start":{"line":42,"column":2},"end":{"line":68,"column":3}},{"start":{"line":56,"column":9},"end":{"line":68,"column":3}}],"line":42},"1":{"loc":{"start":{"line":72,"column":2},"end":{"line":82,"column":3}},"type":"if","locations":[{"start":{"line":72,"column":2},"end":{"line":82,"column":3}},{"start":{},"end":{}}],"line":72},"2":{"loc":{"start":{"line":122,"column":7},"end":{"line":135,"column":14}},"type":"cond-expr","locations":[{"start":{"line":123,"column":8},"end":{"line":134,"column":19}},{"start":{"line":135,"column":10},"end":{"line":135,"column":14}}],"line":122},"3":{"loc":{"start":{"line":137,"column":1},"end":{"line":143,"column":14}},"type":"cond-expr","locations":[{"start":{"line":138,"column":2},"end":{"line":142,"column":8}},{"start":{"line":143,"column":10},"end":{"line":143,"column":14}}],"line":137}},"s":{"0":8,"1":8,"2":1,"3":8,"4":8,"5":8,"6":8,"7":1,"8":1,"9":8,"10":8,"11":1,"12":8,"13":1,"14":7,"15":8,"16":0,"17":0,"18":8},"f":{"0":8,"1":1,"2":1,"3":1,"4":0},"b":{"0":[1,7],"1":[0,8],"2":[1,7],"3":[1,7]},"_coverageSchema":"1a1c01bbd47fc00a2c39e90264f33305004495a9","hash":"d7d7d2af5a9a5cc0c4ae74d39d1cdb571ca2157d"}
,"/home/saisrm/zemoso/React/blinklist-app/src/Data/Navigation.tsx": {"path":"/home/saisrm/zemoso/React/blinklist-app/src/Data/Navigation.tsx","statementMap":{"0":{"start":{"line":23,"column":19},"end":{"line":96,"column":1}}},"fnMap":{},"branchMap":{},"s":{"0":2},"f":{},"b":{},"_coverageSchema":"1a1c01bbd47fc00a2c39e90264f33305004495a9","hash":"eaf5206bdb8a9f1c307ccdea8095ecc7d1519159"}
}
