{"/home/saisrm/zemoso/React/blinklist-app/src/Components/atoms/Avatar/index.tsx": {"path":"/home/saisrm/zemoso/React/blinklist-app/src/Components/atoms/Avatar/index.tsx","statementMap":{"0":{"start":{"line":5,"column":16},"end":{"line":10,"column":3}},"1":{"start":{"line":5,"column":38},"end":{"line":10,"column":1}},"2":{"start":{"line":22,"column":18},"end":{"line":22,"column":29}},"3":{"start":{"line":24,"column":2},"end":{"line":28,"column":3}}},"fnMap":{"0":{"name":"(anonymous_0)","decl":{"start":{"line":5,"column":28},"end":{"line":5,"column":29}},"loc":{"start":{"line":5,"column":38},"end":{"line":10,"column":1}},"line":5},"1":{"name":"Avatars","decl":{"start":{"line":20,"column":9},"end":{"line":20,"column":16}},"loc":{"start":{"line":20,"column":30},"end":{"line":29,"column":1}},"line":20}},"branchMap":{},"s":{"0":2,"1":2,"2":2,"3":2},"f":{"0":2,"1":2},"b":{},"_coverageSchema":"1a1c01bbd47fc00a2c39e90264f33305004495a9","hash":"ead9f7fd18e7b3e9f7d5dabf3dedfdf995c8aae2"}
,"/home/saisrm/zemoso/React/blinklist-app/src/Components/atoms/Button/index.tsx": {"path":"/home/saisrm/zemoso/React/blinklist-app/src/Components/atoms/Button/index.tsx","statementMap":{"0":{"start":{"line":5,"column":18},"end":{"line":96,"column":3}},"1":{"start":{"line":5,"column":41},"end":{"line":96,"column":1}},"2":{"start":{"line":108,"column":18},"end":{"line":108,"column":29}},"3":{"start":{"line":110,"column":4},"end":{"line":116,"column":26}},"4":{"start":{"line":117,"column":2},"end":{"line":130,"column":4}}},"fnMap":{"0":{"name":"(anonymous_0)","decl":{"start":{"line":5,"column":29},"end":{"line":5,"column":30}},"loc":{"start":{"line":5,"column":41},"end":{"line":96,"column":1}},"line":5},"1":{"name":"Buttons","decl":{"start":{"line":107,"column":9},"end":{"line":107,"column":16}},"loc":{"start":{"line":107,"column":31},"end":{"line":131,"column":1}},"line":107}},"branchMap":{"0":{"loc":{"start":{"line":110,"column":4},"end":{"line":116,"column":26}},"type":"cond-expr","locations":[{"start":{"line":111,"column":8},"end":{"line":111,"column":23}},{"start":{"line":112,"column":8},"end":{"line":116,"column":26}}],"line":110},"1":{"loc":{"start":{"line":112,"column":8},"end":{"line":116,"column":26}},"type":"cond-expr","locations":[{"start":{"line":113,"column":8},"end":{"line":113,"column":23}},{"start":{"line":114,"column":8},"end":{"line":116,"column":26}}],"line":112},"2":{"loc":{"start":{"line":114,"column":8},"end":{"line":116,"column":26}},"type":"cond-expr","locations":[{"start":{"line":115,"column":8},"end":{"line":115,"column":23}},{"start":{"line":116,"column":8},"end":{"line":116,"column":26}}],"line":114}},"s":{"0":5,"1":15,"2":34,"3":34,"4":34},"f":{"0":15,"1":34},"b":{"0":[1,33],"1":[17,16],"2":[7,9]},"_coverageSchema":"1a1c01bbd47fc00a2c39e90264f33305004495a9","hash":"1a87577bc3c51dd8554d8579908c3d621400c507"}
,"/home/saisrm/zemoso/React/blinklist-app/src/Components/atoms/IconButton/index.tsx": {"path":"/home/saisrm/zemoso/React/blinklist-app/src/Components/atoms/IconButton/index.tsx","statementMap":{"0":{"start":{"line":14,"column":2},"end":{"line":17,"column":17}}},"fnMap":{"0":{"name":"IconButtons","decl":{"start":{"line":13,"column":9},"end":{"line":13,"column":20}},"loc":{"start":{"line":13,"column":34},"end":{"line":18,"column":1}},"line":13}},"branchMap":{},"s":{"0":1},"f":{"0":1},"b":{},"_coverageSchema":"1a1c01bbd47fc00a2c39e90264f33305004495a9","hash":"d87a237d94161c5b24add60495002f29dc815cae"}
,"/home/saisrm/zemoso/React/blinklist-app/src/Components/atoms/IconText/index.tsx": {"path":"/home/saisrm/zemoso/React/blinklist-app/src/Components/atoms/IconText/index.tsx","statementMap":{"0":{"start":{"line":7,"column":18},"end":{"line":32,"column":2}},"1":{"start":{"line":41,"column":18},"end":{"line":41,"column":29}},"2":{"start":{"line":42,"column":15},"end":{"line":42,"column":80}},"3":{"start":{"line":43,"column":2},"end":{"line":48,"column":4}}},"fnMap":{"0":{"name":"IconText","decl":{"start":{"line":40,"column":9},"end":{"line":40,"column":17}},"loc":{"start":{"line":40,"column":32},"end":{"line":49,"column":1}},"line":40}},"branchMap":{"0":{"loc":{"start":{"line":42,"column":15},"end":{"line":42,"column":80}},"type":"cond-expr","locations":[{"start":{"line":42,"column":45},"end":{"line":42,"column":61}},{"start":{"line":42,"column":64},"end":{"line":42,"column":80}}],"line":42}},"s":{"0":6,"1":56,"2":56,"3":56},"f":{"0":56},"b":{"0":[37,19]},"_coverageSchema":"1a1c01bbd47fc00a2c39e90264f33305004495a9","hash":"e4577cd9b1f367ab98626eeb337539dbf22b2e59"}
,"/home/saisrm/zemoso/React/blinklist-app/src/Components/atoms/Icons/Icons.tsx": {"path":"/home/saisrm/zemoso/React/blinklist-app/src/Components/atoms/Icons/Icons.tsx","statementMap":{"0":{"start":{"line":8,"column":2},"end":{"line":10,"column":3}}},"fnMap":{"0":{"name":"Icons","decl":{"start":{"line":7,"column":9},"end":{"line":7,"column":14}},"loc":{"start":{"line":7,"column":28},"end":{"line":11,"column":1}},"line":7}},"branchMap":{},"s":{"0":18},"f":{"0":18},"b":{},"_coverageSchema":"1a1c01bbd47fc00a2c39e90264f33305004495a9","hash":"dfd6e890f6c9b7c3cb89bb4054f1a3fdb6a3444c"}
,"/home/saisrm/zemoso/React/blinklist-app/src/Components/molecules/Cards/index.tsx": {"path":"/home/saisrm/zemoso/React/blinklist-app/src/Components/molecules/Cards/index.tsx","statementMap":{"0":{"start":{"line":21,"column":18},"end":{"line":32,"column":2}},"1":{"start":{"line":66,"column":17},"end":{"line":66,"column":30}},"2":{"start":{"line":68,"column":20},"end":{"line":70,"column":3}},"3":{"start":{"line":69,"column":4},"end":{"line":69,"column":33}},"4":{"start":{"line":71,"column":18},"end":{"line":71,"column":29}},"5":{"start":{"line":73,"column":28},"end":{"line":73,"column":49}},"6":{"start":{"line":75,"column":26},"end":{"line":75,"column":41}},"7":{"start":{"line":77,"column":25},"end":{"line":88,"column":3}},"8":{"start":{"line":78,"column":4},"end":{"line":86,"column":5}},"9":{"start":{"line":79,"column":6},"end":{"line":81,"column":7}},"10":{"start":{"line":80,"column":8},"end":{"line":80,"column":29}},"11":{"start":{"line":82,"column":11},"end":{"line":86,"column":5}},"12":{"start":{"line":83,"column":6},"end":{"line":85,"column":7}},"13":{"start":{"line":84,"column":8},"end":{"line":84,"column":28}},"14":{"start":{"line":87,"column":4},"end":{"line":87,"column":74}},"15":{"start":{"line":90,"column":25},"end":{"line":97,"column":3}},"16":{"start":{"line":91,"column":21},"end":{"line":93,"column":5}},"17":{"start":{"line":94,"column":17},"end":{"line":94,"column":30}},"18":{"start":{"line":95,"column":4},"end":{"line":95,"column":19}},"19":{"start":{"line":96,"column":4},"end":{"line":96,"column":18}},"20":{"start":{"line":99,"column":25},"end":{"line":101,"column":3}},"21":{"start":{"line":100,"column":4},"end":{"line":100,"column":21}},"22":{"start":{"line":103,"column":2},"end":{"line":108,"column":13}},"23":{"start":{"line":104,"column":4},"end":{"line":106,"column":5}},"24":{"start":{"line":105,"column":6},"end":{"line":105,"column":23}},"25":{"start":{"line":107,"column":4},"end":{"line":107,"column":19}},"26":{"start":{"line":111,"column":2},"end":{"line":119,"column":3}},"27":{"start":{"line":112,"column":4},"end":{"line":118,"column":6}},"28":{"start":{"line":122,"column":2},"end":{"line":159,"column":3}},"29":{"start":{"line":123,"column":4},"end":{"line":157,"column":5}},"30":{"start":{"line":125,"column":6},"end":{"line":133,"column":10}},"31":{"start":{"line":135,"column":9},"end":{"line":157,"column":5}},"32":{"start":{"line":137,"column":6},"end":{"line":145,"column":8}},"33":{"start":{"line":148,"column":6},"end":{"line":156,"column":10}},"34":{"start":{"line":162,"column":2},"end":{"line":172,"column":3}},"35":{"start":{"line":163,"column":4},"end":{"line":171,"column":6}},"36":{"start":{"line":175,"column":2},"end":{"line":185,"column":3}},"37":{"start":{"line":176,"column":4},"end":{"line":184,"column":6}},"38":{"start":{"line":187,"column":2},"end":{"line":258,"column":4}},"39":{"start":{"line":207,"column":79},"end":{"line":207,"column":100}}},"fnMap":{"0":{"name":"MediaCards","decl":{"start":{"line":64,"column":9},"end":{"line":64,"column":19}},"loc":{"start":{"line":64,"column":34},"end":{"line":259,"column":1}},"line":64},"1":{"name":"(anonymous_1)","decl":{"start":{"line":68,"column":20},"end":{"line":68,"column":21}},"loc":{"start":{"line":68,"column":38},"end":{"line":70,"column":3}},"line":68},"2":{"name":"(anonymous_2)","decl":{"start":{"line":77,"column":25},"end":{"line":77,"column":26}},"loc":{"start":{"line":77,"column":37},"end":{"line":88,"column":3}},"line":77},"3":{"name":"(anonymous_3)","decl":{"start":{"line":90,"column":25},"end":{"line":90,"column":26}},"loc":{"start":{"line":90,"column":37},"end":{"line":97,"column":3}},"line":90},"4":{"name":"(anonymous_4)","decl":{"start":{"line":99,"column":25},"end":{"line":99,"column":26}},"loc":{"start":{"line":99,"column":37},"end":{"line":101,"column":3}},"line":99},"5":{"name":"(anonymous_5)","decl":{"start":{"line":103,"column":12},"end":{"line":103,"column":13}},"loc":{"start":{"line":103,"column":18},"end":{"line":108,"column":3}},"line":103},"6":{"name":"(anonymous_6)","decl":{"start":{"line":207,"column":73},"end":{"line":207,"column":74}},"loc":{"start":{"line":207,"column":79},"end":{"line":207,"column":100}},"line":207}},"branchMap":{"0":{"loc":{"start":{"line":78,"column":4},"end":{"line":86,"column":5}},"type":"if","locations":[{"start":{"line":78,"column":4},"end":{"line":86,"column":5}},{"start":{"line":82,"column":11},"end":{"line":86,"column":5}}],"line":78},"1":{"loc":{"start":{"line":79,"column":6},"end":{"line":81,"column":7}},"type":"if","locations":[{"start":{"line":79,"column":6},"end":{"line":81,"column":7}},{"start":{},"end":{}}],"line":79},"2":{"loc":{"start":{"line":82,"column":11},"end":{"line":86,"column":5}},"type":"if","locations":[{"start":{"line":82,"column":11},"end":{"line":86,"column":5}},{"start":{},"end":{}}],"line":82},"3":{"loc":{"start":{"line":82,"column":15},"end":{"line":82,"column":49}},"type":"binary-expr","locations":[{"start":{"line":82,"column":15},"end":{"line":82,"column":30}},{"start":{"line":82,"column":34},"end":{"line":82,"column":49}}],"line":82},"4":{"loc":{"start":{"line":83,"column":6},"end":{"line":85,"column":7}},"type":"if","locations":[{"start":{"line":83,"column":6},"end":{"line":85,"column":7}},{"start":{},"end":{}}],"line":83},"5":{"loc":{"start":{"line":104,"column":4},"end":{"line":106,"column":5}},"type":"if","locations":[{"start":{"line":104,"column":4},"end":{"line":106,"column":5}},{"start":{},"end":{}}],"line":104},"6":{"loc":{"start":{"line":111,"column":2},"end":{"line":119,"column":3}},"type":"if","locations":[{"start":{"line":111,"column":2},"end":{"line":119,"column":3}},{"start":{},"end":{}}],"line":111},"7":{"loc":{"start":{"line":122,"column":2},"end":{"line":159,"column":3}},"type":"if","locations":[{"start":{"line":122,"column":2},"end":{"line":159,"column":3}},{"start":{},"end":{}}],"line":122},"8":{"loc":{"start":{"line":123,"column":4},"end":{"line":157,"column":5}},"type":"if","locations":[{"start":{"line":123,"column":4},"end":{"line":157,"column":5}},{"start":{"line":135,"column":9},"end":{"line":157,"column":5}}],"line":123},"9":{"loc":{"start":{"line":135,"column":9},"end":{"line":157,"column":5}},"type":"if","locations":[{"start":{"line":135,"column":9},"end":{"line":157,"column":5}},{"start":{"line":147,"column":8},"end":{"line":157,"column":5}}],"line":135},"10":{"loc":{"start":{"line":162,"column":2},"end":{"line":172,"column":3}},"type":"if","locations":[{"start":{"line":162,"column":2},"end":{"line":172,"column":3}},{"start":{},"end":{}}],"line":162},"11":{"loc":{"start":{"line":175,"column":2},"end":{"line":185,"column":3}},"type":"if","locations":[{"start":{"line":175,"column":2},"end":{"line":185,"column":3}},{"start":{},"end":{}}],"line":175},"12":{"loc":{"start":{"line":244,"column":13},"end":{"line":244,"column":64}},"type":"cond-expr","locations":[{"start":{"line":244,"column":31},"end":{"line":244,"column":57}},{"start":{"line":244,"column":60},"end":{"line":244,"column":64}}],"line":244},"13":{"loc":{"start":{"line":245,"column":13},"end":{"line":247,"column":20}},"type":"cond-expr","locations":[{"start":{"line":246,"column":14},"end":{"line":246,"column":59}},{"start":{"line":247,"column":16},"end":{"line":247,"column":20}}],"line":245},"14":{"loc":{"start":{"line":248,"column":13},"end":{"line":248,"column":79}},"type":"cond-expr","locations":[{"start":{"line":248,"column":31},"end":{"line":248,"column":72}},{"start":{"line":248,"column":75},"end":{"line":248,"column":79}}],"line":248},"15":{"loc":{"start":{"line":249,"column":13},"end":{"line":253,"column":20}},"type":"cond-expr","locations":[{"start":{"line":250,"column":14},"end":{"line":252,"column":20}},{"start":{"line":253,"column":16},"end":{"line":253,"column":20}}],"line":249}},"s":{"0":3,"1":10,"2":10,"3":1,"4":10,"5":10,"6":10,"7":10,"8":0,"9":0,"10":0,"11":0,"12":0,"13":0,"14":0,"15":10,"16":1,"17":0,"18":0,"19":0,"20":10,"21":1,"22":10,"23":8,"24":0,"25":8,"26":10,"27":3,"28":10,"29":4,"30":1,"31":3,"32":1,"33":2,"34":10,"35":1,"36":10,"37":1,"38":10,"39":1},"f":{"0":10,"1":1,"2":0,"3":1,"4":1,"5":8,"6":1},"b":{"0":[0,0],"1":[0,0],"2":[0,0],"3":[0,0],"4":[0,0],"5":[0,8],"6":[3,7],"7":[4,6],"8":[1,3],"9":[1,2],"10":[1,9],"11":[1,9],"12":[4,6],"13":[1,9],"14":[1,9],"15":[3,7]},"_coverageSchema":"1a1c01bbd47fc00a2c39e90264f33305004495a9","hash":"8c2eb2314a7fa711945d4503f1d6f0bfaf2d1502"}
,"/home/saisrm/zemoso/React/blinklist-app/src/Components/molecules/CardsList/index.tsx": {"path":"/home/saisrm/zemoso/React/blinklist-app/src/Components/molecules/CardsList/index.tsx","statementMap":{"0":{"start":{"line":29,"column":28},"end":{"line":29,"column":53}},"1":{"start":{"line":31,"column":19},"end":{"line":35,"column":3}},"2":{"start":{"line":32,"column":21},"end":{"line":32,"column":65}},"3":{"start":{"line":33,"column":17},"end":{"line":33,"column":30}},"4":{"start":{"line":34,"column":4},"end":{"line":34,"column":19}},"5":{"start":{"line":37,"column":2},"end":{"line":39,"column":5}},"6":{"start":{"line":38,"column":4},"end":{"line":38,"column":15}},"7":{"start":{"line":42,"column":4},"end":{"line":46,"column":20}},"8":{"start":{"line":49,"column":4},"end":{"line":54,"column":12}},"9":{"start":{"line":49,"column":27},"end":{"line":49,"column":64}},"10":{"start":{"line":56,"column":2},"end":{"line":90,"column":4}},"11":{"start":{"line":68,"column":26},"end":{"line":68,"column":52}},"12":{"start":{"line":70,"column":10},"end":{"line":87,"column":12}}},"fnMap":{"0":{"name":"CardsList","decl":{"start":{"line":28,"column":9},"end":{"line":28,"column":18}},"loc":{"start":{"line":28,"column":33},"end":{"line":91,"column":1}},"line":28},"1":{"name":"(anonymous_1)","decl":{"start":{"line":31,"column":19},"end":{"line":31,"column":20}},"loc":{"start":{"line":31,"column":31},"end":{"line":35,"column":3}},"line":31},"2":{"name":"(anonymous_2)","decl":{"start":{"line":37,"column":12},"end":{"line":37,"column":13}},"loc":{"start":{"line":37,"column":18},"end":{"line":39,"column":3}},"line":37},"3":{"name":"(anonymous_3)","decl":{"start":{"line":49,"column":17},"end":{"line":49,"column":18}},"loc":{"start":{"line":49,"column":27},"end":{"line":49,"column":64}},"line":49},"4":{"name":"(anonymous_4)","decl":{"start":{"line":68,"column":16},"end":{"line":68,"column":17}},"loc":{"start":{"line":68,"column":26},"end":{"line":68,"column":52}},"line":68},"5":{"name":"(anonymous_5)","decl":{"start":{"line":69,"column":13},"end":{"line":69,"column":14}},"loc":{"start":{"line":69,"column":28},"end":{"line":88,"column":9}},"line":69}},"branchMap":{"0":{"loc":{"start":{"line":42,"column":4},"end":{"line":46,"column":20}},"type":"cond-expr","locations":[{"start":{"line":43,"column":8},"end":{"line":43,"column":34}},{"start":{"line":44,"column":8},"end":{"line":46,"column":20}}],"line":42},"1":{"loc":{"start":{"line":44,"column":8},"end":{"line":46,"column":20}},"type":"cond-expr","locations":[{"start":{"line":45,"column":8},"end":{"line":45,"column":18}},{"start":{"line":46,"column":8},"end":{"line":46,"column":20}}],"line":44},"2":{"loc":{"start":{"line":49,"column":4},"end":{"line":54,"column":12}},"type":"cond-expr","locations":[{"start":{"line":51,"column":6},"end":{"line":53,"column":19}},{"start":{"line":54,"column":8},"end":{"line":54,"column":12}}],"line":49}},"s":{"0":4,"1":4,"2":4,"3":0,"4":0,"5":4,"6":4,"7":4,"8":4,"9":0,"10":4,"11":0,"12":0},"f":{"0":4,"1":4,"2":4,"3":0,"4":0,"5":0},"b":{"0":[1,3],"1":[2,1],"2":[4,0]},"_coverageSchema":"1a1c01bbd47fc00a2c39e90264f33305004495a9","hash":"54c9995fdffd60399f4614fea342fecebafa0204"}
,"/home/saisrm/zemoso/React/blinklist-app/src/Components/molecules/Editorial/index.tsx": {"path":"/home/saisrm/zemoso/React/blinklist-app/src/Components/molecules/Editorial/index.tsx","statementMap":{"0":{"start":{"line":5,"column":15},"end":{"line":18,"column":2}},"1":{"start":{"line":27,"column":18},"end":{"line":27,"column":28}},"2":{"start":{"line":29,"column":17},"end":{"line":29,"column":35}},"3":{"start":{"line":30,"column":18},"end":{"line":34,"column":3}},"4":{"start":{"line":31,"column":2},"end":{"line":33,"column":11}},"5":{"start":{"line":38,"column":2},"end":{"line":56,"column":4}}},"fnMap":{"0":{"name":"Editorial","decl":{"start":{"line":25,"column":9},"end":{"line":25,"column":18}},"loc":{"start":{"line":25,"column":32},"end":{"line":57,"column":1}},"line":25},"1":{"name":"(anonymous_1)","decl":{"start":{"line":30,"column":29},"end":{"line":30,"column":30}},"loc":{"start":{"line":31,"column":2},"end":{"line":33,"column":11}},"line":31}},"branchMap":{},"s":{"0":2,"1":4,"2":4,"3":4,"4":16,"5":4},"f":{"0":4,"1":16},"b":{},"_coverageSchema":"1a1c01bbd47fc00a2c39e90264f33305004495a9","hash":"b03942c4a46a75be7a1e07fb96c7d4c5a9153728"}
,"/home/saisrm/zemoso/React/blinklist-app/src/Components/molecules/SearchBar/SearchBar.tsx": {"path":"/home/saisrm/zemoso/React/blinklist-app/src/Components/molecules/SearchBar/SearchBar.tsx","statementMap":{"0":{"start":{"line":13,"column":2},"end":{"line":22,"column":3}}},"fnMap":{"0":{"name":"SearchBar","decl":{"start":{"line":12,"column":9},"end":{"line":12,"column":18}},"loc":{"start":{"line":12,"column":32},"end":{"line":23,"column":1}},"line":12}},"branchMap":{},"s":{"0":1},"f":{"0":1},"b":{},"_coverageSchema":"1a1c01bbd47fc00a2c39e90264f33305004495a9","hash":"338e2d48626b3fde6a0bc0ab84dc6c20db7b6fcf"}
,"/home/saisrm/zemoso/React/blinklist-app/src/Components/molecules/Tabs/index.tsx": {"path":"/home/saisrm/zemoso/React/blinklist-app/src/Components/molecules/Tabs/index.tsx","statementMap":{"0":{"start":{"line":7,"column":18},"end":{"line":24,"column":2}},"1":{"start":{"line":27,"column":18},"end":{"line":27,"column":29}},"2":{"start":{"line":28,"column":28},"end":{"line":28,"column":41}},"3":{"start":{"line":29,"column":23},"end":{"line":31,"column":3}},"4":{"start":{"line":30,"column":4},"end":{"line":30,"column":23}},"5":{"start":{"line":32,"column":2},"end":{"line":62,"column":4}}},"fnMap":{"0":{"name":"TabsComponent","decl":{"start":{"line":26,"column":9},"end":{"line":26,"column":22}},"loc":{"start":{"line":26,"column":25},"end":{"line":63,"column":1}},"line":26},"1":{"name":"(anonymous_1)","decl":{"start":{"line":29,"column":23},"end":{"line":29,"column":24}},"loc":{"start":{"line":29,"column":74},"end":{"line":31,"column":3}},"line":29}},"branchMap":{},"s":{"0":1,"1":3,"2":3,"3":3,"4":1,"5":3},"f":{"0":3,"1":1},"b":{},"_coverageSchema":"1a1c01bbd47fc00a2c39e90264f33305004495a9","hash":"7133c8ab69f8241e5ff4f323c1d1ca851dadf4b0"}
,"/home/saisrm/zemoso/React/blinklist-app/src/Components/organisms/Banner/index.tsx": {"path":"/home/saisrm/zemoso/React/blinklist-app/src/Components/organisms/Banner/index.tsx","statementMap":{"0":{"start":{"line":7,"column":2},"end":{"line":54,"column":4}}},"fnMap":{"0":{"name":"Banner","decl":{"start":{"line":6,"column":9},"end":{"line":6,"column":15}},"loc":{"start":{"line":6,"column":18},"end":{"line":55,"column":1}},"line":6}},"branchMap":{},"s":{"0":1},"f":{"0":1},"b":{},"_coverageSchema":"1a1c01bbd47fc00a2c39e90264f33305004495a9","hash":"de08aba5e1476878962cd427ba9771abf28c7c21"}
,"/home/saisrm/zemoso/React/blinklist-app/src/Components/organisms/ExtendedNav/index.tsx": {"path":"/home/saisrm/zemoso/React/blinklist-app/src/Components/organisms/ExtendedNav/index.tsx","statementMap":{"0":{"start":{"line":9,"column":18},"end":{"line":30,"column":2}},"1":{"start":{"line":33,"column":18},"end":{"line":33,"column":29}},"2":{"start":{"line":35,"column":17},"end":{"line":35,"column":30}},"3":{"start":{"line":37,"column":21},"end":{"line":39,"column":3}},"4":{"start":{"line":38,"column":4},"end":{"line":38,"column":26}},"5":{"start":{"line":41,"column":2},"end":{"line":87,"column":4}},"6":{"start":{"line":63,"column":12},"end":{"line":82,"column":14}}},"fnMap":{"0":{"name":"ExtendedNav","decl":{"start":{"line":32,"column":9},"end":{"line":32,"column":20}},"loc":{"start":{"line":32,"column":23},"end":{"line":88,"column":1}},"line":32},"1":{"name":"(anonymous_1)","decl":{"start":{"line":37,"column":21},"end":{"line":37,"column":22}},"loc":{"start":{"line":37,"column":27},"end":{"line":39,"column":3}},"line":37},"2":{"name":"(anonymous_2)","decl":{"start":{"line":62,"column":26},"end":{"line":62,"column":27}},"loc":{"start":{"line":62,"column":41},"end":{"line":83,"column":11}},"line":62}},"branchMap":{},"s":{"0":2,"1":2,"2":2,"3":2,"4":0,"5":2,"6":36},"f":{"0":2,"1":0,"2":36},"b":{},"_coverageSchema":"1a1c01bbd47fc00a2c39e90264f33305004495a9","hash":"3293efa0f1bb2957527a5aecc2b6819dbfa205d8"}
,"/home/saisrm/zemoso/React/blinklist-app/src/Components/organisms/Footer/index.tsx": {"path":"/home/saisrm/zemoso/React/blinklist-app/src/Components/organisms/Footer/index.tsx","statementMap":{"0":{"start":{"line":8,"column":2},"end":{"line":114,"column":4}}},"fnMap":{"0":{"name":"Footer","decl":{"start":{"line":7,"column":9},"end":{"line":7,"column":15}},"loc":{"start":{"line":7,"column":18},"end":{"line":115,"column":1}},"line":7}},"branchMap":{},"s":{"0":1},"f":{"0":1},"b":{},"_coverageSchema":"1a1c01bbd47fc00a2c39e90264f33305004495a9","hash":"c4f31b9dc9b3c0d6a96168f59126a4a3280d12ab"}
,"/home/saisrm/zemoso/React/blinklist-app/src/Components/organisms/Header/index.tsx": {"path":"/home/saisrm/zemoso/React/blinklist-app/src/Components/organisms/Header/index.tsx","statementMap":{"0":{"start":{"line":21,"column":17},"end":{"line":21,"column":30}},"1":{"start":{"line":23,"column":20},"end":{"line":25,"column":3}},"2":{"start":{"line":24,"column":4},"end":{"line":24,"column":18}},"3":{"start":{"line":27,"column":38},"end":{"line":27,"column":48}},"4":{"start":{"line":28,"column":38},"end":{"line":28,"column":53}},"5":{"start":{"line":30,"column":26},"end":{"line":30,"column":41}},"6":{"start":{"line":32,"column":22},"end":{"line":35,"column":3}},"7":{"start":{"line":33,"column":4},"end":{"line":33,"column":31}},"8":{"start":{"line":34,"column":4},"end":{"line":34,"column":19}},"9":{"start":{"line":36,"column":38},"end":{"line":36,"column":53}},"10":{"start":{"line":38,"column":25},"end":{"line":40,"column":3}},"11":{"start":{"line":39,"column":4},"end":{"line":39,"column":29}},"12":{"start":{"line":43,"column":2},"end":{"line":69,"column":3}},"13":{"start":{"line":44,"column":4},"end":{"line":56,"column":6}},"14":{"start":{"line":58,"column":4},"end":{"line":68,"column":6}},"15":{"start":{"line":73,"column":2},"end":{"line":83,"column":3}},"16":{"start":{"line":74,"column":4},"end":{"line":82,"column":6}},"17":{"start":{"line":77,"column":23},"end":{"line":77,"column":31}},"18":{"start":{"line":85,"column":2},"end":{"line":146,"column":4}}},"fnMap":{"0":{"name":"Header","decl":{"start":{"line":20,"column":9},"end":{"line":20,"column":15}},"loc":{"start":{"line":20,"column":30},"end":{"line":147,"column":1}},"line":20},"1":{"name":"(anonymous_1)","decl":{"start":{"line":23,"column":20},"end":{"line":23,"column":21}},"loc":{"start":{"line":23,"column":26},"end":{"line":25,"column":3}},"line":23},"2":{"name":"(anonymous_2)","decl":{"start":{"line":32,"column":22},"end":{"line":32,"column":23}},"loc":{"start":{"line":32,"column":28},"end":{"line":35,"column":3}},"line":32},"3":{"name":"(anonymous_3)","decl":{"start":{"line":38,"column":25},"end":{"line":38,"column":26}},"loc":{"start":{"line":38,"column":31},"end":{"line":40,"column":3}},"line":38},"4":{"name":"(anonymous_4)","decl":{"start":{"line":77,"column":17},"end":{"line":77,"column":18}},"loc":{"start":{"line":77,"column":23},"end":{"line":77,"column":31}},"line":77}},"branchMap":{"0":{"loc":{"start":{"line":43,"column":2},"end":{"line":69,"column":3}},"type":"if","locations":[{"start":{"line":43,"column":2},"end":{"line":69,"column":3}},{"start":{"line":57,"column":9},"end":{"line":69,"column":3}}],"line":43},"1":{"loc":{"start":{"line":73,"column":2},"end":{"line":83,"column":3}},"type":"if","locations":[{"start":{"line":73,"column":2},"end":{"line":83,"column":3}},{"start":{},"end":{}}],"line":73},"2":{"loc":{"start":{"line":123,"column":7},"end":{"line":136,"column":14}},"type":"cond-expr","locations":[{"start":{"line":124,"column":8},"end":{"line":135,"column":19}},{"start":{"line":136,"column":10},"end":{"line":136,"column":14}}],"line":123},"3":{"loc":{"start":{"line":138,"column":1},"end":{"line":144,"column":14}},"type":"cond-expr","locations":[{"start":{"line":139,"column":2},"end":{"line":143,"column":8}},{"start":{"line":144,"column":10},"end":{"line":144,"column":14}}],"line":138}},"s":{"0":8,"1":8,"2":1,"3":8,"4":8,"5":8,"6":8,"7":1,"8":1,"9":8,"10":8,"11":1,"12":8,"13":1,"14":7,"15":8,"16":0,"17":0,"18":8},"f":{"0":8,"1":1,"2":1,"3":1,"4":0},"b":{"0":[1,7],"1":[0,8],"2":[1,7],"3":[1,7]},"_coverageSchema":"1a1c01bbd47fc00a2c39e90264f33305004495a9","hash":"6747d5adc2cebf481758a0492ffbd8a346d0f21c"}
,"/home/saisrm/zemoso/React/blinklist-app/src/Data/Navigation.tsx": {"path":"/home/saisrm/zemoso/React/blinklist-app/src/Data/Navigation.tsx","statementMap":{"0":{"start":{"line":23,"column":19},"end":{"line":96,"column":1}}},"fnMap":{},"branchMap":{},"s":{"0":2},"f":{},"b":{},"_coverageSchema":"1a1c01bbd47fc00a2c39e90264f33305004495a9","hash":"eaf5206bdb8a9f1c307ccdea8095ecc7d1519159"}
,"/home/saisrm/zemoso/React/blinklist-app/src/api/api.tsx": {"path":"/home/saisrm/zemoso/React/blinklist-app/src/api/api.tsx","statementMap":{},"fnMap":{},"branchMap":{},"s":{},"f":{},"b":{},"_coverageSchema":"1a1c01bbd47fc00a2c39e90264f33305004495a9","hash":"73eba5773c9e0db279363df5bcb73203653422f7"}
}
