TN:
SF:src/Components/atoms/Avatar/index.tsx
FN:20,Avatars
FNF:1
FNH:1
FNDA:2,Avatars
DA:5,2
DA:22,2
DA:24,2
LF:3
LH:3
BRF:0
BRH:0
end_of_record
TN:
SF:src/Components/atoms/Button/index.tsx
FN:126,Buttons
FNF:1
FNH:1
FNDA:34,Buttons
DA:5,5
DA:127,34
DA:129,34
DA:131,1
DA:133,33
DA:135,17
DA:137,16
DA:139,6
DA:141,10
DA:143,1
DA:146,9
DA:148,34
LF:12
LH:12
BRDA:129,0,0,1
BRDA:129,0,1,33
BRDA:133,1,0,17
BRDA:133,1,1,16
BRDA:137,2,0,6
BRDA:137,2,1,10
BRDA:141,3,0,1
BRDA:141,3,1,9
BRF:8
BRH:8
end_of_record
TN:
SF:src/Components/atoms/IconButton/index.tsx
FN:11,IconButtons
FNF:1
FNH:1
FNDA:1,IconButtons
DA:12,1
LF:1
LH:1
BRF:0
BRH:0
end_of_record
TN:
SF:src/Components/atoms/IconText/index.tsx
FN:40,IconText
FNF:1
FNH:1
FNDA:90,IconText
DA:7,6
DA:41,90
DA:42,90
DA:43,90
LF:4
LH:4
BRDA:42,0,0,73
BRDA:42,0,1,17
BRF:2
BRH:2
end_of_record
TN:
SF:src/Components/atoms/Icons/Icons.tsx
FN:7,Icons
FNF:1
FNH:1
FNDA:18,Icons
DA:8,18
LF:1
LH:1
BRF:0
BRH:0
end_of_record
TN:
SF:src/Components/molecules/Cards/index.tsx
FN:64,MediaCards
FN:68,(anonymous_1)
FN:77,(anonymous_2)
FN:101,(anonymous_3)
FN:110,(anonymous_4)
FN:114,(anonymous_5)
FN:218,(anonymous_6)
FNF:7
FNH:6
FNDA:9,MediaCards
FNDA:1,(anonymous_1)
FNDA:0,(anonymous_2)
FNDA:1,(anonymous_3)
FNDA:1,(anonymous_4)
FNDA:7,(anonymous_5)
FNDA:1,(anonymous_6)
DA:21,3
DA:66,9
DA:68,9
DA:69,1
DA:71,9
DA:73,9
DA:75,9
DA:77,9
DA:78,0
DA:79,0
DA:80,0
DA:82,0
DA:83,0
DA:84,0
DA:87,0
DA:88,0
DA:89,0
DA:91,0
DA:94,0
DA:98,0
DA:101,9
DA:102,1
DA:105,0
DA:106,0
DA:107,0
DA:110,9
DA:111,1
DA:114,9
DA:115,7
DA:116,0
DA:118,7
DA:122,9
DA:123,2
DA:133,9
DA:134,4
DA:136,1
DA:146,3
DA:148,1
DA:159,2
DA:173,9
DA:174,1
DA:186,9
DA:187,0
DA:198,9
DA:218,1
LF:45
LH:28
BRDA:78,0,0,0
BRDA:78,0,1,0
BRDA:79,1,0,0
BRDA:79,1,1,0
BRDA:82,2,0,0
BRDA:82,2,1,0
BRDA:83,3,0,0
BRDA:83,3,1,0
BRDA:87,4,0,0
BRDA:87,4,1,0
BRDA:88,5,0,0
BRDA:88,5,1,0
BRDA:89,6,0,0
BRDA:89,6,1,0
BRDA:89,7,0,0
BRDA:89,7,1,0
BRDA:115,8,0,0
BRDA:115,8,1,7
BRDA:122,9,0,2
BRDA:122,9,1,7
BRDA:133,10,0,4
BRDA:133,10,1,5
BRDA:134,11,0,1
BRDA:134,11,1,3
BRDA:146,12,0,1
BRDA:146,12,1,2
BRDA:173,13,0,1
BRDA:173,13,1,8
BRDA:186,14,0,0
BRDA:186,14,1,9
BRDA:255,15,0,4
BRDA:255,15,1,5
BRDA:256,16,0,1
BRDA:256,16,1,8
BRDA:259,17,0,0
BRDA:259,17,1,9
BRDA:260,18,0,2
BRDA:260,18,1,7
BRF:38
BRH:19
end_of_record
TN:
SF:src/Components/molecules/Editorial/index.tsx
FN:25,Editorial
FN:30,(anonymous_1)
FNF:2
FNH:2
FNDA:4,Editorial
FNDA:16,(anonymous_1)
DA:5,2
DA:27,4
DA:29,4
DA:30,4
DA:31,16
DA:38,4
LF:6
LH:6
BRF:0
BRH:0
end_of_record
TN:
SF:src/Components/molecules/SearchBar/SearchBar.tsx
FN:11,SearchBar
FNF:1
FNH:1
FNDA:1,SearchBar
DA:12,1
LF:1
LH:1
BRF:0
BRH:0
end_of_record
TN:
SF:src/Components/molecules/Tabs/index.tsx
FN:26,TabsComponent
FN:29,(anonymous_1)
FNF:2
FNH:2
FNDA:3,TabsComponent
FNDA:1,(anonymous_1)
DA:7,1
DA:27,3
DA:28,3
DA:29,3
DA:30,1
DA:32,3
LF:6
LH:6
BRF:0
BRH:0
end_of_record
TN:
SF:src/Components/organisms/Banner/index.tsx
FN:6,Banner
FNF:1
FNH:1
FNDA:1,Banner
DA:7,1
LF:1
LH:1
BRF:0
BRH:0
end_of_record
TN:
SF:src/Components/organisms/ExtendedNav/index.tsx
FN:32,ExtendedNav
FN:37,(anonymous_1)
FN:62,(anonymous_2)
FNF:3
FNH:3
FNDA:4,ExtendedNav
FNDA:1,(anonymous_1)
FNDA:72,(anonymous_2)
DA:9,2
DA:33,4
DA:35,4
DA:37,4
DA:38,1
DA:41,4
DA:63,72
LF:7
LH:7
BRF:0
BRH:0
end_of_record
TN:
SF:src/Components/organisms/Footer/index.tsx
FN:7,Footer
FNF:1
FNH:1
FNDA:1,Footer
DA:8,1
LF:1
LH:1
BRF:0
BRH:0
end_of_record
TN:
SF:src/Components/organisms/Header/index.tsx
FN:19,Header
FN:22,(anonymous_1)
FN:31,(anonymous_2)
FN:37,(anonymous_3)
FN:76,(anonymous_4)
FNF:5
FNH:4
FNDA:8,Header
FNDA:1,(anonymous_1)
FNDA:1,(anonymous_2)
FNDA:1,(anonymous_3)
FNDA:0,(anonymous_4)
DA:20,8
DA:22,8
DA:23,1
DA:26,8
DA:27,8
DA:29,8
DA:31,8
DA:32,1
DA:33,1
DA:35,8
DA:37,8
DA:38,1
DA:42,8
DA:43,1
DA:57,7
DA:72,8
DA:73,0
DA:76,0
DA:84,8
LF:19
LH:17
BRDA:42,0,0,1
BRDA:42,0,1,7
BRDA:72,1,0,0
BRDA:72,1,1,8
BRDA:122,2,0,1
BRDA:122,2,1,7
BRDA:137,3,0,1
BRDA:137,3,1,7
BRF:8
BRH:7
end_of_record
TN:
SF:src/Data/Navigation.tsx
FNF:0
FNH:0
DA:23,2
LF:1
LH:1
BRF:0
BRH:0
end_of_record
