TN:
SF:src/Components/atoms/Avatar/index.tsx
FN:5,(anonymous_0)
FN:20,Avatars
FNF:2
FNH:2
FNDA:2,(anonymous_0)
FNDA:2,Avatars
DA:5,2
DA:22,2
DA:24,2
LF:3
LH:3
BRF:0
BRH:0
end_of_record
TN:
SF:src/Components/atoms/Button/index.tsx
FN:5,(anonymous_0)
FN:107,Buttons
FNF:2
FNH:2
FNDA:15,(anonymous_0)
FNDA:34,Buttons
DA:5,15
DA:108,34
DA:110,34
DA:117,34
LF:4
LH:4
BRDA:110,0,0,1
BRDA:110,0,1,33
BRDA:112,1,0,17
BRDA:112,1,1,16
BRDA:114,2,0,7
BRDA:114,2,1,9
BRF:6
BRH:6
end_of_record
TN:
SF:src/Components/atoms/IconButton/index.tsx
FN:13,IconButtons
FNF:1
FNH:1
FNDA:1,IconButtons
DA:14,1
LF:1
LH:1
BRF:0
BRH:0
end_of_record
TN:
SF:src/Components/atoms/IconText/index.tsx
FN:40,IconText
FNF:1
FNH:1
FNDA:56,IconText
DA:7,6
DA:41,56
DA:42,56
DA:43,56
LF:4
LH:4
BRDA:42,0,0,37
BRDA:42,0,1,19
BRF:2
BRH:2
end_of_record
TN:
SF:src/Components/atoms/Icons/Icons.tsx
FN:7,Icons
FNF:1
FNH:1
FNDA:18,Icons
DA:8,18
LF:1
LH:1
BRF:0
BRH:0
end_of_record
TN:
SF:src/Components/molecules/Cards/index.tsx
FN:64,MediaCards
FN:68,(anonymous_1)
FN:77,(anonymous_2)
FN:90,(anonymous_3)
FN:99,(anonymous_4)
FN:103,(anonymous_5)
FN:207,(anonymous_6)
FNF:7
FNH:6
FNDA:10,MediaCards
FNDA:1,(anonymous_1)
FNDA:0,(anonymous_2)
FNDA:1,(anonymous_3)
FNDA:1,(anonymous_4)
FNDA:8,(anonymous_5)
FNDA:1,(anonymous_6)
DA:21,3
DA:66,10
DA:68,10
DA:69,1
DA:71,10
DA:73,10
DA:75,10
DA:77,10
DA:78,0
DA:79,0
DA:80,0
DA:82,0
DA:83,0
DA:84,0
DA:87,0
DA:90,10
DA:91,1
DA:94,0
DA:95,0
DA:96,0
DA:99,10
DA:100,1
DA:103,10
DA:104,8
DA:105,0
DA:107,8
DA:111,10
DA:112,3
DA:122,10
DA:123,4
DA:125,1
DA:135,3
DA:137,1
DA:148,2
DA:162,10
DA:163,1
DA:175,10
DA:176,1
DA:187,10
DA:207,1
LF:40
LH:29
BRDA:78,0,0,0
BRDA:78,0,1,0
BRDA:79,1,0,0
BRDA:79,1,1,0
BRDA:82,2,0,0
BRDA:82,2,1,0
BRDA:82,3,0,0
BRDA:82,3,1,0
BRDA:83,4,0,0
BRDA:83,4,1,0
BRDA:104,5,0,0
BRDA:104,5,1,8
BRDA:111,6,0,3
BRDA:111,6,1,7
BRDA:122,7,0,4
BRDA:122,7,1,6
BRDA:123,8,0,1
BRDA:123,8,1,3
BRDA:135,9,0,1
BRDA:135,9,1,2
BRDA:162,10,0,1
BRDA:162,10,1,9
BRDA:175,11,0,1
BRDA:175,11,1,9
BRDA:244,12,0,4
BRDA:244,12,1,6
BRDA:245,13,0,1
BRDA:245,13,1,9
BRDA:248,14,0,1
BRDA:248,14,1,9
BRDA:249,15,0,3
BRDA:249,15,1,7
BRF:32
BRH:21
end_of_record
TN:
SF:src/Components/molecules/CardsList/index.tsx
FN:28,CardsList
FN:31,(anonymous_1)
FN:37,(anonymous_2)
FN:49,(anonymous_3)
FN:68,(anonymous_4)
FN:69,(anonymous_5)
FNF:6
FNH:3
FNDA:4,CardsList
FNDA:4,(anonymous_1)
FNDA:4,(anonymous_2)
FNDA:0,(anonymous_3)
FNDA:0,(anonymous_4)
FNDA:0,(anonymous_5)
DA:29,4
DA:31,4
DA:32,4
DA:33,0
DA:34,0
DA:37,4
DA:38,4
DA:42,4
DA:49,4
DA:56,4
DA:68,0
DA:70,0
LF:12
LH:8
BRDA:42,0,0,1
BRDA:42,0,1,3
BRDA:44,1,0,2
BRDA:44,1,1,1
BRDA:49,2,0,4
BRDA:49,2,1,0
BRF:6
BRH:5
end_of_record
TN:
SF:src/Components/molecules/Editorial/index.tsx
FN:25,Editorial
FN:30,(anonymous_1)
FNF:2
FNH:2
FNDA:4,Editorial
FNDA:16,(anonymous_1)
DA:5,2
DA:27,4
DA:29,4
DA:30,4
DA:31,16
DA:38,4
LF:6
LH:6
BRF:0
BRH:0
end_of_record
TN:
SF:src/Components/molecules/SearchBar/SearchBar.tsx
FN:12,SearchBar
FNF:1
FNH:1
FNDA:1,SearchBar
DA:13,1
LF:1
LH:1
BRF:0
BRH:0
end_of_record
TN:
SF:src/Components/molecules/Tabs/index.tsx
FN:26,TabsComponent
FN:29,(anonymous_1)
FNF:2
FNH:2
FNDA:3,TabsComponent
FNDA:1,(anonymous_1)
DA:7,1
DA:27,3
DA:28,3
DA:29,3
DA:30,1
DA:32,3
LF:6
LH:6
BRF:0
BRH:0
end_of_record
TN:
SF:src/Components/organisms/Banner/index.tsx
FN:6,Banner
FNF:1
FNH:1
FNDA:1,Banner
DA:7,1
LF:1
LH:1
BRF:0
BRH:0
end_of_record
TN:
SF:src/Components/organisms/ExtendedNav/index.tsx
FN:32,ExtendedNav
FN:37,(anonymous_1)
FN:62,(anonymous_2)
FNF:3
FNH:2
FNDA:2,ExtendedNav
FNDA:0,(anonymous_1)
FNDA:36,(anonymous_2)
DA:9,2
DA:33,2
DA:35,2
DA:37,2
DA:38,0
DA:41,2
DA:63,36
LF:7
LH:6
BRF:0
BRH:0
end_of_record
TN:
SF:src/Components/organisms/Footer/index.tsx
FN:7,Footer
FNF:1
FNH:1
FNDA:1,Footer
DA:8,1
LF:1
LH:1
BRF:0
BRH:0
end_of_record
TN:
SF:src/Components/organisms/Header/index.tsx
FN:20,Header
FN:23,(anonymous_1)
FN:32,(anonymous_2)
FN:38,(anonymous_3)
FN:77,(anonymous_4)
FNF:5
FNH:4
FNDA:8,Header
FNDA:1,(anonymous_1)
FNDA:1,(anonymous_2)
FNDA:1,(anonymous_3)
FNDA:0,(anonymous_4)
DA:21,8
DA:23,8
DA:24,1
DA:27,8
DA:28,8
DA:30,8
DA:32,8
DA:33,1
DA:34,1
DA:36,8
DA:38,8
DA:39,1
DA:43,8
DA:44,1
DA:58,7
DA:73,8
DA:74,0
DA:77,0
DA:85,8
LF:19
LH:17
BRDA:43,0,0,1
BRDA:43,0,1,7
BRDA:73,1,0,0
BRDA:73,1,1,8
BRDA:123,2,0,1
BRDA:123,2,1,7
BRDA:138,3,0,1
BRDA:138,3,1,7
BRF:8
BRH:7
end_of_record
TN:
SF:src/Data/Navigation.tsx
FNF:0
FNH:0
DA:23,2
LF:1
LH:1
BRF:0
BRH:0
end_of_record
TN:
SF:src/api/api.tsx
FNF:0
FNH:0
LF:0
LH:0
BRF:0
BRH:0
end_of_record
